2026-05-09 13:26:33,511 [INFO] WebApp:194 - Connection lost
2026-05-09 13:26:41,859 [INFO] WebApp:191 - Connection restablished
2026-05-09 13:28:26,223 [INFO] WebApp:194 - Connection lost
2026-05-09 13:28:26,564 [INFO] WebApp:191 - Connection restablished
2026-05-09 14:26:40,250 [INFO] WebApp:194 - Connection lost
2026-05-09 14:26:40,562 [INFO] WebApp:191 - Connection restablished
2026-05-09 14:45:36,887 [INFO] Activator:176 - 


2026-05-09 14:45:36,889 [INFO] Activator:177 - !SESSION log4j initialized
2026-05-09 14:45:46,437 [INFO] LogOutputStream:77 - [STDOUT_REDIRECT] 
2026-05-09 14:46:10,014 [INFO] ApplicationProperties:184 - Using Application install path: C:\ST\STM32CubeIDE_1.19.0\STM32CubeIDE\plugins\com.st.stm32cube.common.mx_6.15.0.202507011659
2026-05-09 14:46:10,047 [INFO] DbMcusXml:78 - Set database path to: C:\ST\STM32CubeIDE_1.19.0\STM32CubeIDE\plugins\com.st.stm32cube.common.mx_6.15.0.202507011659\\db\/mcu/
2026-05-09 14:46:10,047 [INFO] ApiDb:274 - Set plugin database path to: C:\ST\STM32CubeIDE_1.19.0\STM32CubeIDE\plugins\com.st.stm32cube.common.mx_6.15.0.202507011659\\db\/plugins/boardmanager/
2026-05-09 14:46:10,047 [WARN] ApiDb:259 - Overriding images path with different value:  => C:\ST\STM32CubeIDE_1.19.0\STM32CubeIDE\plugins\com.st.stm32cube.common.mx_6.15.0.202507011659\\db\/plugins/mcufinder/images/
2026-05-09 14:46:10,063 [INFO] ApiDb:250 - Set database path to: C:\Users\venum\.stmcufinder\plugins\mcufinder//mcu/
2026-05-09 14:46:10,065 [INFO] DbMcusAds:125 - Set database path to: C:\Users\venum\.stmcufinder\plugins\mcufinder//mcu/
2026-05-09 14:46:10,076 [INFO] CrossReferenceDbSqlite:203 - Set database path to: C:\Users\venum\.stmcufinder\plugins\mcufinder//mcu/cs/
2026-05-09 14:46:10,277 [INFO] RulesReader:64 - Compatibility file has been processed (317 Rules)
2026-05-09 14:46:10,414 [INFO] DbMcusXml:78 - Set database path to: C:\ST\STM32CubeIDE_1.19.0\STM32CubeIDE\plugins\com.st.stm32cube.common.mx_6.15.0.202507011659\\db\/mcu/
2026-05-09 14:46:10,415 [INFO] ApiDb:274 - Set plugin database path to: C:\ST\STM32CubeIDE_1.19.0\STM32CubeIDE\plugins\com.st.stm32cube.common.mx_6.15.0.202507011659\\db\/plugins/boardmanager/
2026-05-09 14:46:10,415 [INFO] ApiDb:261 - Set plugin images path to: C:\ST\STM32CubeIDE_1.19.0\STM32CubeIDE\plugins\com.st.stm32cube.common.mx_6.15.0.202507011659\\db\/plugins/mcufinder/images/
2026-05-09 14:46:10,415 [WARN] DbFile:41 - Overriding database path with different value: C:\Users\venum\.stmcufinder\plugins\mcufinder/ => C:\Users\venum\.stmcufinder\plugins\mcufinder
2026-05-09 14:46:10,416 [INFO] ApiDb:250 - Set database path to: C:\Users\venum\.stmcufinder\plugins\mcufinder//mcu/
2026-05-09 14:46:10,416 [WARN] DbFile:41 - Overriding database path with different value: C:\Users\venum\.stmcufinder\plugins\mcufinder/ => C:\Users\venum\.stmcufinder\plugins\mcufinder
2026-05-09 14:46:10,416 [INFO] DbMcusAds:125 - Set database path to: C:\Users\venum\.stmcufinder\plugins\mcufinder//mcu/
2026-05-09 14:46:10,416 [WARN] DbFile:41 - Overriding database path with different value: C:\Users\venum\.stmcufinder\plugins\mcufinder/ => C:\Users\venum\.stmcufinder\plugins\mcufinder
2026-05-09 14:46:10,416 [WARN] DbFile:41 - Overriding database path with different value: C:\Users\venum\.stmcufinder\plugins\mcufinder/ => C:\Users\venum\.stmcufinder\plugins\mcufinder
2026-05-09 14:46:10,416 [INFO] CrossReferenceDbSqlite:203 - Set database path to: C:\Users\venum\.stmcufinder\plugins\mcufinder//mcu/cs/
2026-05-09 14:46:10,534 [INFO] MainPanel:274 - HeapMemory: 268435456
2026-05-09 14:46:10,695 [INFO] DbMcusXml:78 - Set database path to: C:\ST\STM32CubeIDE_1.19.0\STM32CubeIDE\plugins\com.st.stm32cube.common.mx_6.15.0.202507011659\\db\/mcu/
2026-05-09 14:46:10,696 [INFO] ApiDb:274 - Set plugin database path to: C:\ST\STM32CubeIDE_1.19.0\STM32CubeIDE\plugins\com.st.stm32cube.common.mx_6.15.0.202507011659\\db\/plugins/boardmanager/
2026-05-09 14:46:10,696 [INFO] ApiDb:261 - Set plugin images path to: C:\ST\STM32CubeIDE_1.19.0\STM32CubeIDE\plugins\com.st.stm32cube.common.mx_6.15.0.202507011659\\db\/plugins/mcufinder/images/
2026-05-09 14:46:10,696 [WARN] DbFile:41 - Overriding database path with different value: C:\Users\venum\.stmcufinder\plugins\mcufinder/ => C:\Users\venum\.stmcufinder\plugins\mcufinder
2026-05-09 14:46:10,696 [INFO] ApiDb:250 - Set database path to: C:\Users\venum\.stmcufinder\plugins\mcufinder//mcu/
2026-05-09 14:46:10,696 [WARN] DbFile:41 - Overriding database path with different value: C:\Users\venum\.stmcufinder\plugins\mcufinder/ => C:\Users\venum\.stmcufinder\plugins\mcufinder
2026-05-09 14:46:10,696 [INFO] DbMcusAds:125 - Set database path to: C:\Users\venum\.stmcufinder\plugins\mcufinder//mcu/
2026-05-09 14:46:10,696 [WARN] DbFile:41 - Overriding database path with different value: C:\Users\venum\.stmcufinder\plugins\mcufinder/ => C:\Users\venum\.stmcufinder\plugins\mcufinder
2026-05-09 14:46:10,697 [WARN] DbFile:41 - Overriding database path with different value: C:\Users\venum\.stmcufinder\plugins\mcufinder/ => C:\Users\venum\.stmcufinder\plugins\mcufinder
2026-05-09 14:46:10,697 [INFO] CrossReferenceDbSqlite:203 - Set database path to: C:\Users\venum\.stmcufinder\plugins\mcufinder//mcu/cs/
2026-05-09 14:46:10,718 [INFO] ApplicationProperties:184 - Using Application install path: C:\ST\STM32CubeIDE_1.19.0\STM32CubeIDE\plugins\com.st.stm32cube.common.mx_6.15.0.202507011659
2026-05-09 14:46:10,720 [INFO] PluginManage:196 - Search for loadable plugins [exclusion list=, ]
2026-05-09 14:46:10,722 [INFO] PluginManage:310 - Check plugin analytics
2026-05-09 14:46:10,997 [INFO] AnalyticsPlugin:253 - Accepted Software Licenses: 
2026-05-09 14:46:10,997 [INFO] AnalyticsPlugin:255 - Accepted CMSIS Pack Licenses: 
2026-05-09 14:46:10,997 [INFO] AnalyticsPlugin:257 - Accepted Firmware Licenses: FW.L4.1.18.0,FW.F4.1.28.0
2026-05-09 14:46:11,001 [INFO] PluginManage:359 - Loaded plugin analytics (category:tool,tabindex:-1)
2026-05-09 14:46:11,002 [INFO] PluginManage:310 - Check plugin cadmodel
2026-05-09 14:46:11,026 [INFO] CADModel:105 - Init CAD model plugin
2026-05-09 14:46:11,026 [INFO] PluginManage:359 - Loaded plugin cadmodel (category:power,tabindex:5)
2026-05-09 14:46:11,026 [INFO] PluginManage:310 - Check plugin clock
2026-05-09 14:46:11,053 [INFO] PluginManage:359 - Loaded plugin clock (category:base,tabindex:2)
2026-05-09 14:46:11,053 [INFO] PluginManage:310 - Check plugin ddr
2026-05-09 14:46:11,056 [INFO] PluginManage:359 - Loaded plugin ddr (category:tool,tabindex:6)
2026-05-09 14:46:11,057 [INFO] PluginManage:310 - Check plugin filemanager
2026-05-09 14:46:11,263 [INFO] PluginManage:359 - Loaded plugin filemanager (category:base,tabindex:10)
2026-05-09 14:46:11,263 [INFO] PluginManage:310 - Check plugin ipmanager
2026-05-09 14:46:11,274 [INFO] PluginManage:359 - Loaded plugin ipmanager (category:base,tabindex:5)
2026-05-09 14:46:11,275 [INFO] PluginManage:310 - Check plugin lpbam
2026-05-09 14:46:11,304 [INFO] PluginManage:359 - Loaded plugin lpbam (category:base,tabindex:0)
2026-05-09 14:46:11,304 [INFO] PluginManage:310 - Check plugin memorymap
2026-05-09 14:46:11,340 [INFO] PluginManage:359 - Loaded plugin memorymap (category:base,tabindex:4)
2026-05-09 14:46:11,340 [INFO] PluginManage:310 - Check plugin pinoutandconfiguration
2026-05-09 14:46:11,365 [INFO] PluginManage:359 - Loaded plugin pinoutandconfiguration (category:base,tabindex:1)
2026-05-09 14:46:11,365 [INFO] PluginManage:310 - Check plugin pinoutconfig
2026-05-09 14:46:11,494 [WARN] SupportedApi:132 - Cannot load RTOS API schema: s4s-elt-must-match.1: The content of 'definitions' must match (annotation?, (simpleType | complexType)?, (unique | key | keyref)*)). A problem was found starting at: attribute.
2026-05-09 14:46:11,677 [INFO] PluginManage:359 - Loaded plugin pinoutconfig (category:base,tabindex:0)
2026-05-09 14:46:11,678 [INFO] PluginManage:310 - Check plugin power
2026-05-09 14:46:11,705 [INFO] PluginManage:359 - Loaded plugin power (category:power,tabindex:4)
2026-05-09 14:46:11,705 [INFO] PluginManage:310 - Check plugin projectmanager
2026-05-09 14:46:11,723 [INFO] PluginManage:359 - Loaded plugin projectmanager (category:projectmanager,tabindex:4)
2026-05-09 14:46:11,723 [INFO] PluginManage:310 - Check plugin rif
2026-05-09 14:46:11,747 [INFO] PluginManage:359 - Loaded plugin rif (category:base,tabindex:3)
2026-05-09 14:46:11,747 [INFO] PluginManage:310 - Check plugin thirdparty
2026-05-09 14:46:12,184 [INFO] PluginManage:359 - Loaded plugin thirdparty (category:base,tabindex:-1)
2026-05-09 14:46:12,185 [INFO] PluginManage:310 - Check plugin tools
2026-05-09 14:46:12,184 [WARN] IntegrityCheckThread:84 - waiting for thirdparty lock release [integrity check]
2026-05-09 14:46:12,185 [INFO] IntegrityCheckThread:86 - entering critical section [integrity check]
2026-05-09 14:46:12,185 [INFO] ThirdPartyUpdaterWithRetryManager:70 - Updater plugin not ready yet. [1/15]
2026-05-09 14:46:12,230 [INFO] PluginManage:359 - Loaded plugin tools (category:base,tabindex:7)
2026-05-09 14:46:12,230 [INFO] PluginManage:310 - Check plugin tutovideos
2026-05-09 14:46:12,543 [INFO] PluginManage:359 - Loaded plugin tutovideos (category:base,tabindex:-1)
2026-05-09 14:46:12,544 [INFO] PluginManage:310 - Check plugin updater
2026-05-09 14:46:12,575 [INFO] PluginManage:359 - Loaded plugin updater (category:base,tabindex:12)
2026-05-09 14:46:12,575 [INFO] PluginManage:310 - Check plugin userauth
2026-05-09 14:46:12,581 [INFO] UserAuth:118 - Init User Auth plugin
2026-05-09 14:46:12,582 [INFO] PluginManage:359 - Loaded plugin userauth (category:base,tabindex:14)
2026-05-09 14:46:12,582 [INFO] PluginManage:283 - PluginManage : Loaded plugins [18]
2026-05-09 14:46:12,846 [INFO] PinOutPanel:1589 - setPackage(No Configuration,No Configuration)
2026-05-09 14:46:12,961 [INFO] CADModel:165 - CPN selected for project level
2026-05-09 14:46:12,961 [INFO] CADModel:114 - Register for checkConnection events
2026-05-09 14:46:12,994 [INFO] IPUIPlugin:80 - create IPUIPlugin
2026-05-09 14:46:12,995 [INFO] PluginManager:220 - loadIPPluginJar : add adc
2026-05-09 14:46:13,045 [INFO] IPUIPlugin:80 - create IPUIPlugin
2026-05-09 14:46:13,046 [INFO] PluginManager:220 - loadIPPluginJar : add aes
2026-05-09 14:46:13,105 [INFO] IPUIPlugin:80 - create IPUIPlugin
2026-05-09 14:46:13,105 [INFO] PluginManager:220 - loadIPPluginJar : add can
2026-05-09 14:46:13,139 [INFO] IPUIPlugin:80 - create IPUIPlugin
2026-05-09 14:46:13,139 [INFO] PluginManager:220 - loadIPPluginJar : add comp
2026-05-09 14:46:13,195 [INFO] IPUIPlugin:80 - create IPUIPlugin
2026-05-09 14:46:13,196 [INFO] PluginManager:220 - loadIPPluginJar : add cryp
2026-05-09 14:46:13,213 [INFO] IPUIPlugin:80 - create IPUIPlugin
2026-05-09 14:46:13,213 [INFO] PluginManager:220 - loadIPPluginJar : add ddr_ctrl_phy
2026-05-09 14:46:13,262 [INFO] IPUIPlugin:80 - create IPUIPlugin
2026-05-09 14:46:13,262 [INFO] PluginManager:220 - loadIPPluginJar : add dfsdm
2026-05-09 14:46:13,281 [INFO] IPUIPlugin:80 - create IPUIPlugin
2026-05-09 14:46:13,281 [INFO] PluginManager:220 - loadIPPluginJar : add dma
2026-05-09 14:46:13,344 [INFO] IPUIPlugin:80 - create IPUIPlugin
2026-05-09 14:46:13,344 [INFO] PluginManager:220 - loadIPPluginJar : add dma3
2026-05-09 14:46:13,441 [INFO] IPUIPlugin:80 - create IPUIPlugin
2026-05-09 14:46:13,441 [INFO] PluginManager:220 - loadIPPluginJar : add extmemmanager
2026-05-09 14:46:13,470 [INFO] IPUIPlugin:80 - create IPUIPlugin
2026-05-09 14:46:13,471 [INFO] PluginManager:220 - loadIPPluginJar : add fatfs
2026-05-09 14:46:13,580 [INFO] IPUIPlugin:80 - create IPUIPlugin
2026-05-09 14:46:13,580 [INFO] PluginManager:220 - loadIPPluginJar : add fmc
2026-05-09 14:46:13,613 [INFO] IPUIPlugin:80 - create IPUIPlugin
2026-05-09 14:46:13,613 [INFO] PluginManager:220 - loadIPPluginJar : add freertos
2026-05-09 14:46:13,658 [INFO] IPUIPlugin:80 - create IPUIPlugin
2026-05-09 14:46:13,658 [INFO] PluginManager:220 - loadIPPluginJar : add genericplugin
2026-05-09 14:46:13,836 [INFO] IPUIPlugin:80 - create IPUIPlugin
2026-05-09 14:46:13,836 [INFO] PluginManager:220 - loadIPPluginJar : add gfxmmu
2026-05-09 14:46:14,085 [INFO] IPUIPlugin:80 - create IPUIPlugin
2026-05-09 14:46:14,085 [INFO] PluginManager:220 - loadIPPluginJar : add gic
2026-05-09 14:46:14,150 [INFO] IPUIPlugin:80 - create IPUIPlugin
2026-05-09 14:46:14,151 [INFO] PluginManager:220 - loadIPPluginJar : add gpio
2026-05-09 14:46:14,430 [INFO] IPUIPlugin:80 - create IPUIPlugin
2026-05-09 14:46:14,431 [INFO] PluginManager:220 - loadIPPluginJar : add gtzc
2026-05-09 14:46:14,487 [INFO] IPUIPlugin:80 - create IPUIPlugin
2026-05-09 14:46:14,487 [INFO] PluginManager:220 - loadIPPluginJar : add hash
2026-05-09 14:46:14,559 [INFO] IPUIPlugin:80 - create IPUIPlugin
2026-05-09 14:46:14,559 [INFO] PluginManager:220 - loadIPPluginJar : add i2c
2026-05-09 14:46:14,612 [INFO] IPUIPlugin:80 - create IPUIPlugin
2026-05-09 14:46:14,612 [INFO] PluginManager:220 - loadIPPluginJar : add i2s
2026-05-09 14:46:14,689 [INFO] IPUIPlugin:80 - create IPUIPlugin
2026-05-09 14:46:14,690 [INFO] PluginManager:220 - loadIPPluginJar : add i3c
2026-05-09 14:46:14,922 [INFO] IPUIPlugin:80 - create IPUIPlugin
2026-05-09 14:46:14,923 [INFO] PluginManager:220 - loadIPPluginJar : add ipddr
2026-05-09 14:46:15,134 [INFO] IPUIPlugin:80 - create IPUIPlugin
2026-05-09 14:46:15,135 [INFO] PluginManager:220 - loadIPPluginJar : add linkedlist
2026-05-09 14:46:15,186 [INFO] ThirdPartyUpdaterWithRetryManager:70 - Updater plugin not ready yet. [2/15]
2026-05-09 14:46:15,225 [INFO] IPUIPlugin:80 - create IPUIPlugin
2026-05-09 14:46:15,225 [INFO] PluginManager:220 - loadIPPluginJar : add lorawan
2026-05-09 14:46:15,317 [INFO] IPUIPlugin:80 - create IPUIPlugin
2026-05-09 14:46:15,318 [INFO] PluginManager:220 - loadIPPluginJar : add ltdc
2026-05-09 14:46:15,345 [INFO] IPUIPlugin:80 - create IPUIPlugin
2026-05-09 14:46:15,346 [INFO] PluginManager:220 - loadIPPluginJar : add mdma
2026-05-09 14:46:15,367 [INFO] IPUIPlugin:80 - create IPUIPlugin
2026-05-09 14:46:15,367 [INFO] PluginManager:220 - loadIPPluginJar : add nvic
2026-05-09 14:46:15,422 [INFO] IPUIPlugin:80 - create IPUIPlugin
2026-05-09 14:46:15,422 [INFO] PluginManager:220 - loadIPPluginJar : add opamp
2026-05-09 14:46:15,513 [INFO] IPUIPlugin:80 - create IPUIPlugin
2026-05-09 14:46:15,514 [INFO] PluginManager:220 - loadIPPluginJar : add openamp
2026-05-09 14:46:15,583 [INFO] IPUIPlugin:80 - create IPUIPlugin
2026-05-09 14:46:15,583 [INFO] PluginManager:220 - loadIPPluginJar : add pdm2pcm
2026-05-09 14:46:15,599 [INFO] IPUIPlugin:80 - create IPUIPlugin
2026-05-09 14:46:15,603 [INFO] PluginManager:220 - loadIPPluginJar : add plateformsettings
2026-05-09 14:46:15,632 [INFO] IPUIPlugin:80 - create IPUIPlugin
2026-05-09 14:46:15,632 [INFO] PluginManager:220 - loadIPPluginJar : add quadspi
2026-05-09 14:46:15,666 [INFO] IPUIPlugin:80 - create IPUIPlugin
2026-05-09 14:46:15,667 [INFO] PluginManager:220 - loadIPPluginJar : add radio
2026-05-09 14:46:15,681 [INFO] IPUIPlugin:80 - create IPUIPlugin
2026-05-09 14:46:15,681 [INFO] PluginManager:220 - loadIPPluginJar : add resmgrutility
2026-05-09 14:46:15,752 [INFO] IPUIPlugin:80 - create IPUIPlugin
2026-05-09 14:46:15,752 [INFO] PluginManager:220 - loadIPPluginJar : add sai
2026-05-09 14:46:15,807 [INFO] IPUIPlugin:80 - create IPUIPlugin
2026-05-09 14:46:15,808 [INFO] PluginManager:220 - loadIPPluginJar : add spi
2026-05-09 14:46:15,948 [INFO] IPUIPlugin:80 - create IPUIPlugin
2026-05-09 14:46:15,948 [INFO] PluginManager:220 - loadIPPluginJar : add stm32_wpan
2026-05-09 14:46:15,986 [INFO] IPUIPlugin:80 - create IPUIPlugin
2026-05-09 14:46:15,986 [INFO] PluginManager:220 - loadIPPluginJar : add tim
2026-05-09 14:46:16,068 [INFO] IPUIPlugin:80 - create IPUIPlugin
2026-05-09 14:46:16,069 [INFO] PluginManager:220 - loadIPPluginJar : add touchsensing
2026-05-09 14:46:16,100 [INFO] IPUIPlugin:80 - create IPUIPlugin
2026-05-09 14:46:16,100 [INFO] PluginManager:220 - loadIPPluginJar : add tracer_emb
2026-05-09 14:46:16,153 [INFO] IPUIPlugin:80 - create IPUIPlugin
2026-05-09 14:46:16,154 [INFO] PluginManager:220 - loadIPPluginJar : add ts
2026-05-09 14:46:16,197 [INFO] IPUIPlugin:80 - create IPUIPlugin
2026-05-09 14:46:16,198 [INFO] PluginManager:220 - loadIPPluginJar : add tsc
2026-05-09 14:46:16,263 [INFO] IPUIPlugin:80 - create IPUIPlugin
2026-05-09 14:46:16,263 [INFO] PluginManager:220 - loadIPPluginJar : add ucpd
2026-05-09 14:46:16,340 [INFO] IPUIPlugin:80 - create IPUIPlugin
2026-05-09 14:46:16,340 [INFO] PluginManager:220 - loadIPPluginJar : add usart
2026-05-09 14:46:16,398 [INFO] IPUIPlugin:80 - create IPUIPlugin
2026-05-09 14:46:16,399 [INFO] PluginManager:220 - loadIPPluginJar : add usbx
2026-05-09 14:46:16,545 [FATAL] Updater:351 - Updater called before beeing initialized
2026-05-09 14:46:16,613 [INFO] RulesReader:64 - Compatibility file has been processed (317 Rules)
2026-05-09 14:46:16,629 [INFO] RulesReader:64 - Compatibility file has been processed (317 Rules)
2026-05-09 14:46:16,641 [INFO] CADModel:165 - CPN selected for project level
2026-05-09 14:46:16,641 [INFO] CADModel:114 - Register for checkConnection events
2026-05-09 14:46:16,641 [FATAL] Updater:351 - Updater called before beeing initialized
2026-05-09 14:46:16,641 [ERROR] CADModel:125 - Updater not yet initialized, retry later 
2026-05-09 14:46:16,816 [FATAL] Updater:351 - Updater called before beeing initialized
2026-05-09 14:46:16,819 [INFO] CADModel:165 - CPN selected for project level
2026-05-09 14:46:16,819 [INFO] CADModel:114 - Register for checkConnection events
2026-05-09 14:46:16,820 [FATAL] Updater:351 - Updater called before beeing initialized
2026-05-09 14:46:16,820 [ERROR] CADModel:125 - Updater not yet initialized, retry later 
2026-05-09 14:46:16,823 [FATAL] Updater:351 - Updater called before beeing initialized
2026-05-09 14:46:16,958 [FATAL] Updater:351 - Updater called before beeing initialized
2026-05-09 14:46:16,976 [INFO] DbMcusAds:53 - JSON generation date=Mon Apr 27 13:44:29 IST 2026 (1777277669683)
2026-05-09 14:46:16,977 [FATAL] Updater:351 - Updater called before beeing initialized
2026-05-09 14:46:17,019 [WARN] DetailPanel:346 - Failed to get advertising image, set to default
2026-05-09 14:46:17,145 [FATAL] Updater:351 - Updater called before beeing initialized
2026-05-09 14:46:17,148 [FATAL] Updater:351 - Updater called before beeing initialized
2026-05-09 14:46:17,148 [FATAL] Updater:351 - Updater called before beeing initialized
2026-05-09 14:46:17,148 [WARN] DetailPanel:346 - Failed to get advertising image, set to default
2026-05-09 14:46:17,151 [FATAL] Updater:351 - Updater called before beeing initialized
2026-05-09 14:46:17,261 [ERROR] Updater:1198 - MainUpdater not yet initialized. External WinMGr cannot be set.
2026-05-09 14:46:17,274 [INFO] Updater:1134 - Updater Version found : 6.15.0
2026-05-09 14:46:17,295 [INFO] ApplicationProperties:184 - Using Application install path: C:\ST\STM32CubeIDE_1.19.0\STM32CubeIDE\plugins\com.st.stm32cube.common.mx_6.15.0.202507011659
2026-05-09 14:46:18,189 [INFO] ThirdPartyUpdaterWithRetryManager:70 - Updater plugin not ready yet. [3/15]
2026-05-09 14:46:18,885 [ERROR] LogOutputStream:75 - [STDERR_REDIRECT] May 09, 2026 2:46:18 PM java.util.prefs.WindowsPreferences <init>
2026-05-09 14:46:18,888 [ERROR] LogOutputStream:75 - [STDERR_REDIRECT] WARNING: Could not open/create prefs root node Software\JavaSoft\Prefs at root 0xffffffff80000002. Windows RegCreateKeyEx(...) returned error code 5.
2026-05-09 14:46:18,888 [ERROR] LogOutputStream:75 - [STDERR_REDIRECT] 
2026-05-09 14:46:19,298 [INFO] MainUpdater:2872 - connection check result : 10
2026-05-09 14:46:19,298 [INFO] MainUpdater:3604 - Updater definition file requires update
2026-05-09 14:46:19,299 [INFO] MainUpdater:289 - Updater Check For Update Now.
2026-05-09 14:46:19,300 [INFO] MicroXplorer:498 - Change Database Version : DB.6.0.150
2026-05-09 14:46:19,323 [INFO] McuFinderGlobals:63 - Set McuFinder mode to 2 (CubeIDE integrated)
2026-05-09 14:46:19,326 [INFO] ServerAccessManage:452 - Complete download http(s) 200
2026-05-09 14:46:19,327 [INFO] ServerAccessManage:509 - Download File updaters.zip
2026-05-09 14:46:19,334 [INFO] UserAuth:487 - Internet connection configuration mode: 1
2026-05-09 14:46:19,377 [INFO] JxBrowserEngine:152 - Initiate JxBrowser Engine with user profile folder
2026-05-09 14:46:19,413 [INFO] FileExtend:248 - Unzip File : updaters.zip
2026-05-09 14:46:19,413 [INFO] FileExtend:263 - Standard Zip Deflate
2026-05-09 14:46:20,042 [INFO] ServerAccessManage:452 - Complete download http(s) 200
2026-05-09 14:46:20,042 [INFO] ServerAccessManage:509 - Download File PacksControlFlags.xml
2026-05-09 14:46:20,157 [INFO] ServerAccessManage:452 - Complete download http(s) 200
2026-05-09 14:46:20,158 [INFO] ServerAccessManage:509 - Download File cubemx.pidx
2026-05-09 14:46:20,403 [INFO] LoadServerUpdatesThread:375 - End of LoadServerUpdate Thread
2026-05-09 14:46:20,625 [INFO] CheckServerUpdateThread:120 - End of CheckServer Thread
2026-05-09 14:46:21,657 [WARN] PackLoader:240 - Cannot read IP mode file for STMicroelectronics.X-CUBE-AZRTOS-H7.3.5.0
2026-05-09 14:46:21,690 [WARN] PackLoader:240 - Cannot read IP mode file for STMicroelectronics.FP-ATR-ASTRA1.2.0.2
2026-05-09 14:46:21,716 [WARN] PackLoader:240 - Cannot read IP mode file for STMicroelectronics.X-CUBE-SMBUS.2.1.0
2026-05-09 14:46:21,770 [WARN] PackLoader:240 - Cannot read IP mode file for STMicroelectronics.X-CUBE-AZRTOS-F7.1.1.0
2026-05-09 14:46:21,805 [WARN] PackLoader:240 - Cannot read IP mode file for STMicroelectronics.FP-SNS-MOTENV1.5.1.0
2026-05-09 14:46:21,893 [WARN] PackLoader:240 - Cannot read IP mode file for WES.I-CUBE-Cesium.1.4.0
2026-05-09 14:46:21,923 [WARN] PackLoader:240 - Cannot read IP mode file for STMicroelectronics.X-CUBE-DISPLAY.3.0.0
2026-05-09 14:46:21,956 [WARN] PackLoader:240 - Cannot read IP mode file for STMicroelectronics.X-CUBE-GNSS1.7.1.1
2026-05-09 14:46:21,980 [WARN] PackLoader:240 - Cannot read IP mode file for STMicroelectronics.FP-SNS-MOTENVWB1.1.5.0
2026-05-09 14:46:22,005 [WARN] PackLoader:240 - Cannot read IP mode file for STMicroelectronics.X-CUBE-NFC10.1.0.0
2026-05-09 14:46:22,032 [WARN] PackLoader:240 - Cannot read IP mode file for STMicroelectronics.X-CUBE-ST60.1.1.0
2026-05-09 14:46:22,061 [WARN] PackLoader:240 - Cannot read IP mode file for emotas.I-CUBE-CANOPEN.1.3.0
2026-05-09 14:46:22,085 [WARN] PackLoader:240 - Cannot read IP mode file for STMicroelectronics.X-CUBE-GNSS1.7.1.0
2026-05-09 14:46:22,114 [WARN] PackLoader:240 - Cannot read IP mode file for STMicroelectronics.FP-SNS-STBOX1.2.1.0
2026-05-09 14:46:22,143 [WARN] PackLoader:240 - Cannot read IP mode file for STMicroelectronics.FP-SNS-SMARTAG2.1.2.0
2026-05-09 14:46:22,153 [INFO] WebApp:169 - Instantiating new browser for Auth
2026-05-09 14:46:22,165 [WARN] PackLoader:240 - Cannot read IP mode file for STMicroelectronics.FP-SNS-FLIGHT1.5.1.0
2026-05-09 14:46:22,215 [INFO] LogOutputStream:77 - [STDOUT_REDIRECT] 1 : Invalid condition id : UX_CORESTACK_Condition cause : null
2026-05-09 14:46:22,217 [INFO] LogOutputStream:77 - [STDOUT_REDIRECT] 1 : Invalid condition id : UX_CORESTACK_Condition cause : null
2026-05-09 14:46:22,218 [INFO] LogOutputStream:77 - [STDOUT_REDIRECT] 1 : Invalid condition id : UX_CORESTACK_Condition cause : null
2026-05-09 14:46:22,220 [INFO] LogOutputStream:77 - [STDOUT_REDIRECT] 1 : Invalid condition id : UX_CORESTACK_Condition cause : null
2026-05-09 14:46:22,221 [INFO] LogOutputStream:77 - [STDOUT_REDIRECT] 1 : Invalid condition id : UX_CORESTACK_Condition cause : null
2026-05-09 14:46:22,226 [WARN] PackLoader:240 - Cannot read IP mode file for STMicroelectronics.X-CUBE-AZRTOS-WL.2.0.0
2026-05-09 14:46:22,277 [WARN] PackLoader:240 - Cannot read IP mode file for STMicroelectronics.X-CUBE-AZRTOS-H7RS.1.2.0
2026-05-09 14:46:22,306 [WARN] PackLoader:240 - Cannot read IP mode file for STMicroelectronics.X-CUBE-BLE2.3.3.0
2026-05-09 14:46:22,415 [WARN] PackLoader:240 - Cannot read IP mode file for Infineon.AIROC-Wi-Fi-Bluetooth-STM32.1.8.0
2026-05-09 14:46:22,461 [WARN] PackLoader:240 - Cannot read IP mode file for STMicroelectronics.X-CUBE-NFC9.1.0.0
2026-05-09 14:46:22,487 [WARN] PackLoader:240 - Cannot read IP mode file for STMicroelectronics.X-CUBE-BLE1.7.1.0
2026-05-09 14:46:22,511 [WARN] PackLoader:240 - Cannot read IP mode file for wolfSSL.I-CUBE-wolfMQTT.1.19.2
2026-05-09 14:46:22,541 [WARN] PackLoader:240 - Cannot read IP mode file for STMicroelectronics.X-CUBE-EEPRMA1.5.2.0
2026-05-09 14:46:22,567 [WARN] PackLoader:240 - Cannot read IP mode file for wolfSSL.I-CUBE-wolfSSL.5.8.4
2026-05-09 14:46:22,590 [WARN] PackLoader:240 - Cannot read IP mode file for STMicroelectronics.FP-SNS-STAIOTCFT.1.1.0
2026-05-09 14:46:22,675 [WARN] PackLoader:240 - Cannot read IP mode file for STMicroelectronics.X-CUBE-MEMS1.12.0.0
2026-05-09 14:46:22,821 [WARN] PackLoader:240 - Cannot read IP mode file for STMicroelectronics.X-CUBE-AZRTOS-G0.1.1.0
2026-05-09 14:46:22,852 [WARN] PackLoader:240 - Cannot read IP mode file for STMicroelectronics.X-CUBE-NFC4.3.0.0
2026-05-09 14:46:22,882 [WARN] PackLoader:240 - Cannot read IP mode file for EmbeddedOffice.I-CUBE-FS-RTOS.1.0.1
2026-05-09 14:46:22,923 [WARN] PackLoader:240 - Cannot read IP mode file for wolfSSL.I-CUBE-wolfTPM.3.8.0
2026-05-09 14:46:22,947 [WARN] PackLoader:240 - Cannot read IP mode file for STMicroelectronics.X-CUBE-TCPP.4.2.0
2026-05-09 14:46:22,976 [WARN] PackLoader:240 - Cannot read IP mode file for RealThread.X-CUBE-RT-Thread_Nano.4.1.1
2026-05-09 14:46:23,002 [WARN] PackLoader:240 - Cannot read IP mode file for STMicroelectronics.FP-ATR-SIGFOX1.3.2.0
2026-05-09 14:46:23,026 [WARN] PackLoader:240 - Cannot read IP mode file for STMicroelectronics.X-CUBE-FREERTOS.1.5.0
2026-05-09 14:46:23,056 [WARN] PackLoader:240 - Cannot read IP mode file for ITTIA_DB.I-CUBE-ITTIADB.8.9.0
2026-05-09 14:46:23,081 [WARN] PackLoader:240 - Cannot read IP mode file for STMicroelectronics.X-CUBE-NFC6.3.2.0
2026-05-09 14:46:23,103 [WARN] PackLoader:240 - Cannot read IP mode file for STMicroelectronics.X-CUBE-AI.10.2.0
2026-05-09 14:46:23,183 [WARN] PackLoader:240 - Cannot read IP mode file for STMicroelectronics.X-CUBE-MEMS1.12.1.0
2026-05-09 14:46:23,299 [WARN] PackLoader:240 - Cannot read IP mode file for SEGGER.I-CUBE-embOS.1.3.1
2026-05-09 14:46:23,353 [WARN] PackLoader:240 - Cannot read IP mode file for STMicroelectronics.X-CUBE-ALGOBUILD.1.4.0
2026-05-09 14:46:23,379 [WARN] PackLoader:240 - Cannot read IP mode file for STMicroelectronics.X-CUBE-PM33A1.1.0.0
2026-05-09 14:46:23,420 [WARN] PackLoader:240 - Cannot read IP mode file for STMicroelectronics.X-CUBE-AZRTOS-F4.1.1.0
2026-05-09 14:46:23,448 [WARN] PackLoader:240 - Cannot read IP mode file for STMicroelectronics.X-CUBE-ISPU.2.1.0
2026-05-09 14:46:23,479 [WARN] PackLoader:240 - Cannot read IP mode file for STMicroelectronics.X-CUBE-IPS.3.2.0
2026-05-09 14:46:23,507 [WARN] PackLoader:240 - Cannot read IP mode file for STMicroelectronics.eDS-WB_DPC_TT-BIDIR.2.1.1
2026-05-09 14:46:23,547 [WARN] PackLoader:240 - Cannot read IP mode file for STMicroelectronics.X-CUBE-NFC12.1.0.0
2026-05-09 14:46:23,591 [WARN] PackLoader:240 - Cannot read IP mode file for STMicroelectronics.X-CUBE-AZRTOS-L5.2.0.0
2026-05-09 14:46:23,618 [WARN] PackLoader:240 - Cannot read IP mode file for STMicroelectronics.eDS-WB_DPC_VIENNA.1.2.0
2026-05-09 14:46:23,638 [WARN] PackLoader:240 - Cannot read IP mode file for STMicroelectronics.eDS-WB_DPC_3PH2L-BIDIR.1.1.1
2026-05-09 14:46:23,663 [ERROR] Engine:466 - C:\Users\venum\.stm32cubemx\thirdparties\pdsc\STMicroelectronics.X-CUBE-ST67W61.1.3.0.pdsc: PDSC version is not supported
2026-05-09 14:46:23,685 [WARN] PackLoader:240 - Cannot read IP mode file for STMicroelectronics.X-CUBE-TOUCHGFX.4.26.1
2026-05-09 14:46:23,706 [WARN] PackLoader:240 - Cannot read IP mode file for STMicroelectronics.X-CUBE-DPower.1.3.0
2026-05-09 14:46:23,745 [WARN] ConditionMgr:438 - getConditionDescription Invalid condition id : LAN8742 Phy interface Condition cause : null
2026-05-09 14:46:23,745 [WARN] PackLoader:240 - Cannot read IP mode file for STMicroelectronics.X-CUBE-AZRTOS-L4.2.0.0
2026-05-09 14:46:23,748 [WARN] ConditionMgr:1044 - genDependencies : Invalid condition id : LAN8742 Phy interface Condition cause : null
2026-05-09 14:46:23,748 [WARN] ConditionMgr:1044 - genDependencies : Invalid condition id : LAN8742 Phy interface Condition cause : null
2026-05-09 14:46:23,749 [WARN] ConditionMgr:1044 - genDependencies : Invalid condition id : LAN8742 Phy interface Condition cause : null
2026-05-09 14:46:23,776 [WARN] PackLoader:240 - Cannot read IP mode file for STMicroelectronics.X-CUBE-SFXS2LP1.4.0.0
2026-05-09 14:46:23,800 [WARN] PackLoader:240 - Cannot read IP mode file for STMicroelectronics.X-CUBE-WB05N.2.1.0
2026-05-09 14:46:23,835 [WARN] PackLoader:240 - Cannot read IP mode file for STMicroelectronics.X-CUBE-BLEMGR.4.1.0
2026-05-09 14:46:23,855 [INFO] WebApp:463 - Apply proxy settings
2026-05-09 14:46:23,856 [INFO] WebApp:548 - Chromium requires no authentication
2026-05-09 14:46:23,876 [INFO] WebApp:491 - Direct internet connection detected
2026-05-09 14:46:23,889 [WARN] ConditionMgr:438 - getConditionDescription Invalid condition id : UX DEVICE CLASS RTOS Condition cause : null
2026-05-09 14:46:23,890 [WARN] ConditionMgr:438 - getConditionDescription Invalid condition id : UX DEVICE CLASS RTOS Condition cause : null
2026-05-09 14:46:23,892 [WARN] PackLoader:240 - Cannot read IP mode file for STMicroelectronics.X-CUBE-AZRTOS-WB.2.0.0
2026-05-09 14:46:23,892 [WARN] ConditionMgr:1044 - genDependencies : Invalid condition id : UX DEVICE CLASS RTOS Condition cause : null
2026-05-09 14:46:23,892 [WARN] ConditionMgr:1044 - genDependencies : Invalid condition id : UX DEVICE CLASS RTOS Condition cause : null
2026-05-09 14:46:23,893 [WARN] ConditionMgr:1044 - genDependencies : Invalid condition id : UX DEVICE CLASS RTOS Condition cause : null
2026-05-09 14:46:23,893 [WARN] ConditionMgr:1044 - genDependencies : Invalid condition id : UX DEVICE CLASS RTOS Condition cause : null
2026-05-09 14:46:23,893 [WARN] ConditionMgr:1044 - genDependencies : Invalid condition id : UX DEVICE CLASS RTOS Condition cause : null
2026-05-09 14:46:23,916 [WARN] ConditionMgr:438 - getConditionDescription Invalid condition id : Cortex-A Device cause : null
2026-05-09 14:46:23,917 [INFO] WebApp:900 - Register for checkConnection events
2026-05-09 14:46:23,917 [INFO] WebApp:463 - Apply proxy settings
2026-05-09 14:46:23,917 [INFO] WebApp:548 - Chromium requires no authentication
2026-05-09 14:46:23,918 [INFO] WebApp:491 - Direct internet connection detected
2026-05-09 14:46:23,943 [WARN] ConditionMgr:1044 - genDependencies : Invalid condition id : Cortex-A Device cause : null
2026-05-09 14:46:23,943 [WARN] ConditionMgr:1044 - genDependencies : Invalid condition id : Cortex-A Device cause : null
2026-05-09 14:46:23,943 [WARN] ConditionMgr:1044 - genDependencies : Invalid condition id : Cortex-A Device cause : null
2026-05-09 14:46:23,970 [WARN] PackLoader:240 - Cannot read IP mode file for STMicroelectronics.X-CUBE-STSE01.2.0.0
2026-05-09 14:46:24,000 [WARN] PackLoader:240 - Cannot read IP mode file for STMicroelectronics.X-CUBE-SUBG2.5.0.0
2026-05-09 14:46:24,038 [WARN] PackLoader:240 - Cannot read IP mode file for STMicroelectronics.X-CUBE-AZRTOS-G4.2.0.0
2026-05-09 14:46:24,070 [WARN] PackLoader:240 - Cannot read IP mode file for wolfSSL.I-CUBE-wolfSSH.1.4.20
2026-05-09 14:46:24,089 [WARN] PackLoader:240 - Cannot read IP mode file for STMicroelectronics.X-CUBE-NFC7.2.0.0
2026-05-09 14:46:24,108 [WARN] PackLoader:240 - Cannot read IP mode file for STMicroelectronics.X-CUBE-ALS.1.0.2
2026-05-09 14:46:24,141 [WARN] PackLoader:240 - Cannot read IP mode file for STMicroelectronics.X-CUBE-TOF1.3.4.3
2026-05-09 14:46:24,150 [INFO] ThirdParty:978 - Integrity check success = true
2026-05-09 14:46:24,150 [INFO] IntegrityCheckThread:100 - exiting critical section [integrity check]
2026-05-09 14:46:24,150 [INFO] IntegrityCheckThread:103 - End integrity checks thread
2026-05-09 14:46:24,315 [INFO] WebApp:225 - Starting web application
2026-05-09 14:46:24,315 [INFO] WebApp:593 - Web application path used C:\ST\STM32CubeIDE_1.19.0\STM32CubeIDE\plugins\com.st.stm32cube.common.mx_6.15.0.202507011659\db\plugins\mcufinder\reactClient1\index.html
2026-05-09 14:46:24,584 [INFO] WebApp:191 - Connection restablished
2026-05-09 14:46:24,710 [INFO] UserAuth:487 - Internet connection configuration mode: 1
2026-05-09 16:30:20,480 [INFO] WebApp:194 - Connection lost
2026-05-09 16:33:25,541 [INFO] WebApp:191 - Connection restablished
2026-05-09 16:33:27,562 [INFO] WebApp:194 - Connection lost
2026-05-09 16:33:27,747 [INFO] WebApp:191 - Connection restablished
2026-05-09 16:38:36,386 [INFO] WebApp:194 - Connection lost
2026-05-09 16:38:48,782 [INFO] WebApp:191 - Connection restablished
2026-05-09 16:38:52,844 [INFO] WebApp:194 - Connection lost
2026-05-09 16:38:53,088 [INFO] WebApp:191 - Connection restablished
2026-05-09 16:41:27,307 [INFO] WebApp:194 - Connection lost
2026-05-09 16:41:27,608 [INFO] WebApp:191 - Connection restablished
2026-05-09 21:25:49,872 [INFO] WebApp:194 - Connection lost
2026-05-09 21:25:50,127 [INFO] WebApp:191 - Connection restablished
2026-05-09 21:25:51,814 [INFO] WebApp:194 - Connection lost
2026-05-09 21:25:52,062 [INFO] WebApp:191 - Connection restablished
2026-05-09 23:01:51,697 [INFO] WebApp:194 - Connection lost
2026-05-09 23:02:12,343 [INFO] WebApp:191 - Connection restablished
2026-05-09 23:02:14,196 [INFO] WebApp:194 - Connection lost
2026-05-09 23:02:14,405 [INFO] WebApp:191 - Connection restablished
2026-05-09 23:10:31,488 [INFO] WebApp:194 - Connection lost
2026-05-09 23:10:31,741 [INFO] WebApp:191 - Connection restablished
