2026-04-26 19:39:53,351 [INFO] Activator:176 - 


2026-04-26 19:39:53,357 [INFO] Activator:177 - !SESSION log4j initialized
2026-04-26 19:39:58,139 [INFO] LogOutputStream:77 - [STDOUT_REDIRECT] 
2026-04-26 19:39:59,326 [INFO] ApplicationProperties:184 - Using Application install path: C:\ST\STM32CubeIDE_1.19.0\STM32CubeIDE\plugins\com.st.stm32cube.common.mx_6.15.0.202507011659
2026-04-26 19:39:59,346 [INFO] DbMcusXml:78 - Set database path to: C:\ST\STM32CubeIDE_1.19.0\STM32CubeIDE\plugins\com.st.stm32cube.common.mx_6.15.0.202507011659\\db\/mcu/
2026-04-26 19:39:59,347 [INFO] ApiDb:274 - Set plugin database path to: C:\ST\STM32CubeIDE_1.19.0\STM32CubeIDE\plugins\com.st.stm32cube.common.mx_6.15.0.202507011659\\db\/plugins/boardmanager/
2026-04-26 19:39:59,347 [WARN] ApiDb:259 - Overriding images path with different value:  => C:\ST\STM32CubeIDE_1.19.0\STM32CubeIDE\plugins\com.st.stm32cube.common.mx_6.15.0.202507011659\\db\/plugins/mcufinder/images/
2026-04-26 19:39:59,357 [INFO] ApiDb:250 - Set database path to: C:\Users\venum\.stmcufinder\plugins\mcufinder//mcu/
2026-04-26 19:39:59,358 [INFO] DbMcusAds:125 - Set database path to: C:\Users\venum\.stmcufinder\plugins\mcufinder//mcu/
2026-04-26 19:39:59,361 [INFO] CrossReferenceDbSqlite:203 - Set database path to: C:\Users\venum\.stmcufinder\plugins\mcufinder//mcu/cs/
2026-04-26 19:39:59,472 [INFO] RulesReader:64 - Compatibility file has been processed (317 Rules)
2026-04-26 19:39:59,542 [INFO] DbMcusXml:78 - Set database path to: C:\ST\STM32CubeIDE_1.19.0\STM32CubeIDE\plugins\com.st.stm32cube.common.mx_6.15.0.202507011659\\db\/mcu/
2026-04-26 19:39:59,543 [INFO] ApiDb:274 - Set plugin database path to: C:\ST\STM32CubeIDE_1.19.0\STM32CubeIDE\plugins\com.st.stm32cube.common.mx_6.15.0.202507011659\\db\/plugins/boardmanager/
2026-04-26 19:39:59,543 [INFO] ApiDb:261 - Set plugin images path to: C:\ST\STM32CubeIDE_1.19.0\STM32CubeIDE\plugins\com.st.stm32cube.common.mx_6.15.0.202507011659\\db\/plugins/mcufinder/images/
2026-04-26 19:39:59,543 [WARN] DbFile:41 - Overriding database path with different value: C:\Users\venum\.stmcufinder\plugins\mcufinder/ => C:\Users\venum\.stmcufinder\plugins\mcufinder
2026-04-26 19:39:59,543 [INFO] ApiDb:250 - Set database path to: C:\Users\venum\.stmcufinder\plugins\mcufinder//mcu/
2026-04-26 19:39:59,543 [WARN] DbFile:41 - Overriding database path with different value: C:\Users\venum\.stmcufinder\plugins\mcufinder/ => C:\Users\venum\.stmcufinder\plugins\mcufinder
2026-04-26 19:39:59,543 [INFO] DbMcusAds:125 - Set database path to: C:\Users\venum\.stmcufinder\plugins\mcufinder//mcu/
2026-04-26 19:39:59,543 [WARN] DbFile:41 - Overriding database path with different value: C:\Users\venum\.stmcufinder\plugins\mcufinder/ => C:\Users\venum\.stmcufinder\plugins\mcufinder
2026-04-26 19:39:59,543 [WARN] DbFile:41 - Overriding database path with different value: C:\Users\venum\.stmcufinder\plugins\mcufinder/ => C:\Users\venum\.stmcufinder\plugins\mcufinder
2026-04-26 19:39:59,543 [INFO] CrossReferenceDbSqlite:203 - Set database path to: C:\Users\venum\.stmcufinder\plugins\mcufinder//mcu/cs/
2026-04-26 19:39:59,612 [INFO] MainPanel:274 - HeapMemory: 268435456
2026-04-26 19:39:59,723 [INFO] DbMcusXml:78 - Set database path to: C:\ST\STM32CubeIDE_1.19.0\STM32CubeIDE\plugins\com.st.stm32cube.common.mx_6.15.0.202507011659\\db\/mcu/
2026-04-26 19:39:59,723 [INFO] ApiDb:274 - Set plugin database path to: C:\ST\STM32CubeIDE_1.19.0\STM32CubeIDE\plugins\com.st.stm32cube.common.mx_6.15.0.202507011659\\db\/plugins/boardmanager/
2026-04-26 19:39:59,723 [INFO] ApiDb:261 - Set plugin images path to: C:\ST\STM32CubeIDE_1.19.0\STM32CubeIDE\plugins\com.st.stm32cube.common.mx_6.15.0.202507011659\\db\/plugins/mcufinder/images/
2026-04-26 19:39:59,724 [WARN] DbFile:41 - Overriding database path with different value: C:\Users\venum\.stmcufinder\plugins\mcufinder/ => C:\Users\venum\.stmcufinder\plugins\mcufinder
2026-04-26 19:39:59,724 [INFO] ApiDb:250 - Set database path to: C:\Users\venum\.stmcufinder\plugins\mcufinder//mcu/
2026-04-26 19:39:59,724 [WARN] DbFile:41 - Overriding database path with different value: C:\Users\venum\.stmcufinder\plugins\mcufinder/ => C:\Users\venum\.stmcufinder\plugins\mcufinder
2026-04-26 19:39:59,724 [INFO] DbMcusAds:125 - Set database path to: C:\Users\venum\.stmcufinder\plugins\mcufinder//mcu/
2026-04-26 19:39:59,724 [WARN] DbFile:41 - Overriding database path with different value: C:\Users\venum\.stmcufinder\plugins\mcufinder/ => C:\Users\venum\.stmcufinder\plugins\mcufinder
2026-04-26 19:39:59,724 [WARN] DbFile:41 - Overriding database path with different value: C:\Users\venum\.stmcufinder\plugins\mcufinder/ => C:\Users\venum\.stmcufinder\plugins\mcufinder
2026-04-26 19:39:59,724 [INFO] CrossReferenceDbSqlite:203 - Set database path to: C:\Users\venum\.stmcufinder\plugins\mcufinder//mcu/cs/
2026-04-26 19:39:59,742 [INFO] ApplicationProperties:184 - Using Application install path: C:\ST\STM32CubeIDE_1.19.0\STM32CubeIDE\plugins\com.st.stm32cube.common.mx_6.15.0.202507011659
2026-04-26 19:39:59,743 [INFO] PluginManage:196 - Search for loadable plugins [exclusion list=, ]
2026-04-26 19:39:59,744 [INFO] PluginManage:310 - Check plugin analytics
2026-04-26 19:39:59,918 [INFO] AnalyticsPlugin:253 - Accepted Software Licenses: 
2026-04-26 19:39:59,918 [INFO] AnalyticsPlugin:255 - Accepted CMSIS Pack Licenses: 
2026-04-26 19:39:59,918 [INFO] AnalyticsPlugin:257 - Accepted Firmware Licenses: FW.L4.1.18.0,FW.F4.1.28.0
2026-04-26 19:39:59,921 [INFO] PluginManage:359 - Loaded plugin analytics (category:tool,tabindex:-1)
2026-04-26 19:39:59,921 [INFO] PluginManage:310 - Check plugin cadmodel
2026-04-26 19:39:59,928 [INFO] CADModel:105 - Init CAD model plugin
2026-04-26 19:39:59,928 [INFO] PluginManage:359 - Loaded plugin cadmodel (category:power,tabindex:5)
2026-04-26 19:39:59,928 [INFO] PluginManage:310 - Check plugin clock
2026-04-26 19:39:59,938 [INFO] PluginManage:359 - Loaded plugin clock (category:base,tabindex:2)
2026-04-26 19:39:59,938 [INFO] PluginManage:310 - Check plugin ddr
2026-04-26 19:39:59,940 [INFO] PluginManage:359 - Loaded plugin ddr (category:tool,tabindex:6)
2026-04-26 19:39:59,940 [INFO] PluginManage:310 - Check plugin filemanager
2026-04-26 19:40:00,081 [INFO] PluginManage:359 - Loaded plugin filemanager (category:base,tabindex:10)
2026-04-26 19:40:00,082 [INFO] PluginManage:310 - Check plugin ipmanager
2026-04-26 19:40:00,089 [INFO] PluginManage:359 - Loaded plugin ipmanager (category:base,tabindex:5)
2026-04-26 19:40:00,089 [INFO] PluginManage:310 - Check plugin lpbam
2026-04-26 19:40:00,098 [INFO] PluginManage:359 - Loaded plugin lpbam (category:base,tabindex:0)
2026-04-26 19:40:00,098 [INFO] PluginManage:310 - Check plugin memorymap
2026-04-26 19:40:00,111 [INFO] PluginManage:359 - Loaded plugin memorymap (category:base,tabindex:4)
2026-04-26 19:40:00,112 [INFO] PluginManage:310 - Check plugin pinoutandconfiguration
2026-04-26 19:40:00,121 [INFO] PluginManage:359 - Loaded plugin pinoutandconfiguration (category:base,tabindex:1)
2026-04-26 19:40:00,121 [INFO] PluginManage:310 - Check plugin pinoutconfig
2026-04-26 19:40:00,210 [WARN] SupportedApi:132 - Cannot load RTOS API schema: s4s-elt-must-match.1: The content of 'definitions' must match (annotation?, (simpleType | complexType)?, (unique | key | keyref)*)). A problem was found starting at: attribute.
2026-04-26 19:40:00,331 [INFO] PluginManage:359 - Loaded plugin pinoutconfig (category:base,tabindex:0)
2026-04-26 19:40:00,332 [INFO] PluginManage:310 - Check plugin power
2026-04-26 19:40:00,342 [INFO] PluginManage:359 - Loaded plugin power (category:power,tabindex:4)
2026-04-26 19:40:00,342 [INFO] PluginManage:310 - Check plugin projectmanager
2026-04-26 19:40:00,356 [INFO] PluginManage:359 - Loaded plugin projectmanager (category:projectmanager,tabindex:4)
2026-04-26 19:40:00,356 [INFO] PluginManage:310 - Check plugin rif
2026-04-26 19:40:00,365 [INFO] PluginManage:359 - Loaded plugin rif (category:base,tabindex:3)
2026-04-26 19:40:00,365 [INFO] PluginManage:310 - Check plugin thirdparty
2026-04-26 19:40:00,502 [INFO] PluginManage:359 - Loaded plugin thirdparty (category:base,tabindex:-1)
2026-04-26 19:40:00,501 [WARN] IntegrityCheckThread:84 - waiting for thirdparty lock release [integrity check]
2026-04-26 19:40:00,502 [INFO] IntegrityCheckThread:86 - entering critical section [integrity check]
2026-04-26 19:40:00,502 [INFO] PluginManage:310 - Check plugin tools
2026-04-26 19:40:00,502 [INFO] ThirdPartyUpdaterWithRetryManager:70 - Updater plugin not ready yet. [1/15]
2026-04-26 19:40:00,505 [INFO] PluginManage:359 - Loaded plugin tools (category:base,tabindex:7)
2026-04-26 19:40:00,505 [INFO] PluginManage:310 - Check plugin tutovideos
2026-04-26 19:40:00,717 [INFO] PluginManage:359 - Loaded plugin tutovideos (category:base,tabindex:-1)
2026-04-26 19:40:00,717 [INFO] PluginManage:310 - Check plugin updater
2026-04-26 19:40:00,738 [INFO] PluginManage:359 - Loaded plugin updater (category:base,tabindex:12)
2026-04-26 19:40:00,738 [INFO] PluginManage:310 - Check plugin userauth
2026-04-26 19:40:00,742 [INFO] UserAuth:118 - Init User Auth plugin
2026-04-26 19:40:00,743 [INFO] PluginManage:359 - Loaded plugin userauth (category:base,tabindex:14)
2026-04-26 19:40:00,744 [INFO] PluginManage:283 - PluginManage : Loaded plugins [18]
2026-04-26 19:40:00,952 [INFO] PinOutPanel:1589 - setPackage(No Configuration,No Configuration)
2026-04-26 19:40:01,034 [INFO] CADModel:165 - CPN selected for project level
2026-04-26 19:40:01,034 [INFO] CADModel:114 - Register for checkConnection events
2026-04-26 19:40:01,055 [INFO] IPUIPlugin:80 - create IPUIPlugin
2026-04-26 19:40:01,055 [INFO] PluginManager:220 - loadIPPluginJar : add adc
2026-04-26 19:40:01,058 [INFO] IPUIPlugin:80 - create IPUIPlugin
2026-04-26 19:40:01,058 [INFO] PluginManager:220 - loadIPPluginJar : add aes
2026-04-26 19:40:01,062 [INFO] IPUIPlugin:80 - create IPUIPlugin
2026-04-26 19:40:01,062 [INFO] PluginManager:220 - loadIPPluginJar : add can
2026-04-26 19:40:01,064 [INFO] IPUIPlugin:80 - create IPUIPlugin
2026-04-26 19:40:01,064 [INFO] PluginManager:220 - loadIPPluginJar : add comp
2026-04-26 19:40:01,067 [INFO] IPUIPlugin:80 - create IPUIPlugin
2026-04-26 19:40:01,068 [INFO] PluginManager:220 - loadIPPluginJar : add cryp
2026-04-26 19:40:01,071 [INFO] IPUIPlugin:80 - create IPUIPlugin
2026-04-26 19:40:01,071 [INFO] PluginManager:220 - loadIPPluginJar : add ddr_ctrl_phy
2026-04-26 19:40:01,074 [INFO] IPUIPlugin:80 - create IPUIPlugin
2026-04-26 19:40:01,074 [INFO] PluginManager:220 - loadIPPluginJar : add dfsdm
2026-04-26 19:40:01,081 [INFO] IPUIPlugin:80 - create IPUIPlugin
2026-04-26 19:40:01,082 [INFO] PluginManager:220 - loadIPPluginJar : add dma
2026-04-26 19:40:01,085 [INFO] IPUIPlugin:80 - create IPUIPlugin
2026-04-26 19:40:01,085 [INFO] PluginManager:220 - loadIPPluginJar : add dma3
2026-04-26 19:40:01,088 [INFO] IPUIPlugin:80 - create IPUIPlugin
2026-04-26 19:40:01,089 [INFO] PluginManager:220 - loadIPPluginJar : add extmemmanager
2026-04-26 19:40:01,091 [INFO] IPUIPlugin:80 - create IPUIPlugin
2026-04-26 19:40:01,091 [INFO] PluginManager:220 - loadIPPluginJar : add fatfs
2026-04-26 19:40:01,096 [INFO] IPUIPlugin:80 - create IPUIPlugin
2026-04-26 19:40:01,096 [INFO] PluginManager:220 - loadIPPluginJar : add fmc
2026-04-26 19:40:01,102 [INFO] IPUIPlugin:80 - create IPUIPlugin
2026-04-26 19:40:01,103 [INFO] PluginManager:220 - loadIPPluginJar : add freertos
2026-04-26 19:40:01,105 [INFO] IPUIPlugin:80 - create IPUIPlugin
2026-04-26 19:40:01,105 [INFO] PluginManager:220 - loadIPPluginJar : add genericplugin
2026-04-26 19:40:01,108 [INFO] IPUIPlugin:80 - create IPUIPlugin
2026-04-26 19:40:01,108 [INFO] PluginManager:220 - loadIPPluginJar : add gfxmmu
2026-04-26 19:40:01,113 [INFO] IPUIPlugin:80 - create IPUIPlugin
2026-04-26 19:40:01,113 [INFO] PluginManager:220 - loadIPPluginJar : add gic
2026-04-26 19:40:01,118 [INFO] IPUIPlugin:80 - create IPUIPlugin
2026-04-26 19:40:01,118 [INFO] PluginManager:220 - loadIPPluginJar : add gpio
2026-04-26 19:40:01,122 [INFO] IPUIPlugin:80 - create IPUIPlugin
2026-04-26 19:40:01,122 [INFO] PluginManager:220 - loadIPPluginJar : add gtzc
2026-04-26 19:40:01,125 [INFO] IPUIPlugin:80 - create IPUIPlugin
2026-04-26 19:40:01,125 [INFO] PluginManager:220 - loadIPPluginJar : add hash
2026-04-26 19:40:01,128 [INFO] IPUIPlugin:80 - create IPUIPlugin
2026-04-26 19:40:01,128 [INFO] PluginManager:220 - loadIPPluginJar : add i2c
2026-04-26 19:40:01,131 [INFO] IPUIPlugin:80 - create IPUIPlugin
2026-04-26 19:40:01,131 [INFO] PluginManager:220 - loadIPPluginJar : add i2s
2026-04-26 19:40:01,135 [INFO] IPUIPlugin:80 - create IPUIPlugin
2026-04-26 19:40:01,135 [INFO] PluginManager:220 - loadIPPluginJar : add i3c
2026-04-26 19:40:01,139 [INFO] IPUIPlugin:80 - create IPUIPlugin
2026-04-26 19:40:01,139 [INFO] PluginManager:220 - loadIPPluginJar : add ipddr
2026-04-26 19:40:01,148 [INFO] IPUIPlugin:80 - create IPUIPlugin
2026-04-26 19:40:01,148 [INFO] PluginManager:220 - loadIPPluginJar : add linkedlist
2026-04-26 19:40:01,152 [INFO] IPUIPlugin:80 - create IPUIPlugin
2026-04-26 19:40:01,152 [INFO] PluginManager:220 - loadIPPluginJar : add lorawan
2026-04-26 19:40:01,154 [INFO] IPUIPlugin:80 - create IPUIPlugin
2026-04-26 19:40:01,154 [INFO] PluginManager:220 - loadIPPluginJar : add ltdc
2026-04-26 19:40:01,161 [INFO] IPUIPlugin:80 - create IPUIPlugin
2026-04-26 19:40:01,161 [INFO] PluginManager:220 - loadIPPluginJar : add mdma
2026-04-26 19:40:01,166 [INFO] IPUIPlugin:80 - create IPUIPlugin
2026-04-26 19:40:01,166 [INFO] PluginManager:220 - loadIPPluginJar : add nvic
2026-04-26 19:40:01,170 [INFO] IPUIPlugin:80 - create IPUIPlugin
2026-04-26 19:40:01,170 [INFO] PluginManager:220 - loadIPPluginJar : add opamp
2026-04-26 19:40:01,173 [INFO] IPUIPlugin:80 - create IPUIPlugin
2026-04-26 19:40:01,174 [INFO] PluginManager:220 - loadIPPluginJar : add openamp
2026-04-26 19:40:01,178 [INFO] IPUIPlugin:80 - create IPUIPlugin
2026-04-26 19:40:01,178 [INFO] PluginManager:220 - loadIPPluginJar : add pdm2pcm
2026-04-26 19:40:01,185 [INFO] IPUIPlugin:80 - create IPUIPlugin
2026-04-26 19:40:01,188 [INFO] PluginManager:220 - loadIPPluginJar : add plateformsettings
2026-04-26 19:40:01,190 [INFO] IPUIPlugin:80 - create IPUIPlugin
2026-04-26 19:40:01,190 [INFO] PluginManager:220 - loadIPPluginJar : add quadspi
2026-04-26 19:40:01,192 [INFO] IPUIPlugin:80 - create IPUIPlugin
2026-04-26 19:40:01,193 [INFO] PluginManager:220 - loadIPPluginJar : add radio
2026-04-26 19:40:01,197 [INFO] IPUIPlugin:80 - create IPUIPlugin
2026-04-26 19:40:01,198 [INFO] PluginManager:220 - loadIPPluginJar : add resmgrutility
2026-04-26 19:40:01,201 [INFO] IPUIPlugin:80 - create IPUIPlugin
2026-04-26 19:40:01,201 [INFO] PluginManager:220 - loadIPPluginJar : add sai
2026-04-26 19:40:01,205 [INFO] IPUIPlugin:80 - create IPUIPlugin
2026-04-26 19:40:01,205 [INFO] PluginManager:220 - loadIPPluginJar : add spi
2026-04-26 19:40:01,212 [INFO] IPUIPlugin:80 - create IPUIPlugin
2026-04-26 19:40:01,212 [INFO] PluginManager:220 - loadIPPluginJar : add stm32_wpan
2026-04-26 19:40:01,215 [INFO] IPUIPlugin:80 - create IPUIPlugin
2026-04-26 19:40:01,215 [INFO] PluginManager:220 - loadIPPluginJar : add tim
2026-04-26 19:40:01,219 [INFO] IPUIPlugin:80 - create IPUIPlugin
2026-04-26 19:40:01,220 [INFO] PluginManager:220 - loadIPPluginJar : add touchsensing
2026-04-26 19:40:01,222 [INFO] IPUIPlugin:80 - create IPUIPlugin
2026-04-26 19:40:01,222 [INFO] PluginManager:220 - loadIPPluginJar : add tracer_emb
2026-04-26 19:40:01,226 [INFO] IPUIPlugin:80 - create IPUIPlugin
2026-04-26 19:40:01,226 [INFO] PluginManager:220 - loadIPPluginJar : add ts
2026-04-26 19:40:01,228 [INFO] IPUIPlugin:80 - create IPUIPlugin
2026-04-26 19:40:01,228 [INFO] PluginManager:220 - loadIPPluginJar : add tsc
2026-04-26 19:40:01,230 [INFO] IPUIPlugin:80 - create IPUIPlugin
2026-04-26 19:40:01,231 [INFO] PluginManager:220 - loadIPPluginJar : add ucpd
2026-04-26 19:40:01,234 [INFO] IPUIPlugin:80 - create IPUIPlugin
2026-04-26 19:40:01,234 [INFO] PluginManager:220 - loadIPPluginJar : add usart
2026-04-26 19:40:01,238 [INFO] IPUIPlugin:80 - create IPUIPlugin
2026-04-26 19:40:01,238 [INFO] PluginManager:220 - loadIPPluginJar : add usbx
2026-04-26 19:40:01,359 [FATAL] Updater:351 - Updater called before beeing initialized
2026-04-26 19:40:01,383 [INFO] RulesReader:64 - Compatibility file has been processed (317 Rules)
2026-04-26 19:40:01,392 [INFO] RulesReader:64 - Compatibility file has been processed (317 Rules)
2026-04-26 19:40:01,399 [INFO] CADModel:165 - CPN selected for project level
2026-04-26 19:40:01,399 [INFO] CADModel:114 - Register for checkConnection events
2026-04-26 19:40:01,399 [FATAL] Updater:351 - Updater called before beeing initialized
2026-04-26 19:40:01,399 [ERROR] CADModel:125 - Updater not yet initialized, retry later 
2026-04-26 19:40:01,538 [FATAL] Updater:351 - Updater called before beeing initialized
2026-04-26 19:40:01,540 [INFO] CADModel:165 - CPN selected for project level
2026-04-26 19:40:01,541 [INFO] CADModel:114 - Register for checkConnection events
2026-04-26 19:40:01,541 [FATAL] Updater:351 - Updater called before beeing initialized
2026-04-26 19:40:01,541 [ERROR] CADModel:125 - Updater not yet initialized, retry later 
2026-04-26 19:40:01,544 [FATAL] Updater:351 - Updater called before beeing initialized
2026-04-26 19:40:01,662 [FATAL] Updater:351 - Updater called before beeing initialized
2026-04-26 19:40:01,666 [INFO] DbMcusAds:53 - JSON generation date=Fri Apr 10 14:49:02 IST 2026 (1775812742310)
2026-04-26 19:40:01,666 [FATAL] Updater:351 - Updater called before beeing initialized
2026-04-26 19:40:01,699 [WARN] DetailPanel:346 - Failed to get advertising image, set to default
2026-04-26 19:40:01,771 [FATAL] Updater:351 - Updater called before beeing initialized
2026-04-26 19:40:01,772 [FATAL] Updater:351 - Updater called before beeing initialized
2026-04-26 19:40:01,773 [FATAL] Updater:351 - Updater called before beeing initialized
2026-04-26 19:40:01,773 [WARN] DetailPanel:346 - Failed to get advertising image, set to default
2026-04-26 19:40:01,774 [FATAL] Updater:351 - Updater called before beeing initialized
2026-04-26 19:40:01,819 [ERROR] Updater:1198 - MainUpdater not yet initialized. External WinMGr cannot be set.
2026-04-26 19:40:01,821 [INFO] Updater:1134 - Updater Version found : 6.15.0
2026-04-26 19:40:01,836 [INFO] ApplicationProperties:184 - Using Application install path: C:\ST\STM32CubeIDE_1.19.0\STM32CubeIDE\plugins\com.st.stm32cube.common.mx_6.15.0.202507011659
2026-04-26 19:40:03,409 [ERROR] LogOutputStream:75 - [STDERR_REDIRECT] Apr 26, 2026 7:40:03 PM java.util.prefs.WindowsPreferences <init>
2026-04-26 19:40:03,410 [ERROR] LogOutputStream:75 - [STDERR_REDIRECT] WARNING: Could not open/create prefs root node Software\JavaSoft\Prefs at root 0xffffffff80000002. Windows RegCreateKeyEx(...) returned error code 5.
2026-04-26 19:40:03,410 [ERROR] LogOutputStream:75 - [STDERR_REDIRECT] 
2026-04-26 19:40:03,503 [INFO] ThirdPartyUpdaterWithRetryManager:70 - Updater plugin not ready yet. [2/15]
2026-04-26 19:40:03,695 [INFO] MainUpdater:2872 - connection check result : 10
2026-04-26 19:40:03,696 [INFO] MainUpdater:289 - Updater Check For Update Now.
2026-04-26 19:40:03,696 [INFO] MicroXplorer:498 - Change Database Version : DB.6.0.150
2026-04-26 19:40:03,703 [INFO] McuFinderGlobals:63 - Set McuFinder mode to 2 (CubeIDE integrated)
2026-04-26 19:40:03,705 [INFO] UserAuth:487 - Internet connection configuration mode: 1
2026-04-26 19:40:03,730 [INFO] JxBrowserEngine:152 - Initiate JxBrowser Engine with user profile folder
2026-04-26 19:40:03,880 [INFO] CheckServerUpdateThread:120 - End of CheckServer Thread
2026-04-26 19:40:04,805 [INFO] WebApp:169 - Instantiating new browser for Auth
2026-04-26 19:40:05,683 [INFO] WebApp:463 - Apply proxy settings
2026-04-26 19:40:05,684 [INFO] WebApp:548 - Chromium requires no authentication
2026-04-26 19:40:05,698 [INFO] WebApp:491 - Direct internet connection detected
2026-04-26 19:40:05,737 [INFO] WebApp:900 - Register for checkConnection events
2026-04-26 19:40:05,738 [INFO] WebApp:463 - Apply proxy settings
2026-04-26 19:40:05,738 [INFO] WebApp:548 - Chromium requires no authentication
2026-04-26 19:40:05,738 [INFO] WebApp:491 - Direct internet connection detected
2026-04-26 19:40:05,939 [INFO] WebApp:191 - Connection restablished
2026-04-26 19:40:06,020 [INFO] WebApp:225 - Starting web application
2026-04-26 19:40:06,021 [INFO] WebApp:593 - Web application path used C:\ST\STM32CubeIDE_1.19.0\STM32CubeIDE\plugins\com.st.stm32cube.common.mx_6.15.0.202507011659\db\plugins\mcufinder\reactClient1\index.html
2026-04-26 19:40:06,133 [INFO] UserAuth:487 - Internet connection configuration mode: 1
2026-04-26 19:40:06,862 [WARN] PackLoader:240 - Cannot read IP mode file for STMicroelectronics.X-CUBE-AZRTOS-H7.3.5.0
2026-04-26 19:40:06,881 [WARN] PackLoader:240 - Cannot read IP mode file for STMicroelectronics.FP-ATR-ASTRA1.2.0.2
2026-04-26 19:40:06,894 [WARN] PackLoader:240 - Cannot read IP mode file for STMicroelectronics.X-CUBE-SMBUS.2.1.0
2026-04-26 19:40:06,920 [WARN] PackLoader:240 - Cannot read IP mode file for STMicroelectronics.X-CUBE-AZRTOS-F7.1.1.0
2026-04-26 19:40:06,933 [WARN] PackLoader:240 - Cannot read IP mode file for STMicroelectronics.FP-SNS-MOTENV1.5.1.0
2026-04-26 19:40:06,949 [WARN] PackLoader:240 - Cannot read IP mode file for WES.I-CUBE-Cesium.1.4.0
2026-04-26 19:40:06,960 [WARN] PackLoader:240 - Cannot read IP mode file for STMicroelectronics.X-CUBE-DISPLAY.3.0.0
2026-04-26 19:40:06,973 [WARN] PackLoader:240 - Cannot read IP mode file for STMicroelectronics.FP-SNS-MOTENVWB1.1.5.0
2026-04-26 19:40:06,986 [WARN] PackLoader:240 - Cannot read IP mode file for STMicroelectronics.X-CUBE-NFC10.1.0.0
2026-04-26 19:40:06,995 [WARN] PackLoader:240 - Cannot read IP mode file for STMicroelectronics.X-CUBE-ST60.1.1.0
2026-04-26 19:40:07,005 [WARN] PackLoader:240 - Cannot read IP mode file for emotas.I-CUBE-CANOPEN.1.3.0
2026-04-26 19:40:07,015 [WARN] PackLoader:240 - Cannot read IP mode file for STMicroelectronics.X-CUBE-GNSS1.7.1.0
2026-04-26 19:40:07,026 [WARN] PackLoader:240 - Cannot read IP mode file for STMicroelectronics.FP-SNS-STBOX1.2.1.0
2026-04-26 19:40:07,036 [WARN] PackLoader:240 - Cannot read IP mode file for STMicroelectronics.FP-SNS-SMARTAG2.1.2.0
2026-04-26 19:40:07,043 [WARN] PackLoader:240 - Cannot read IP mode file for STMicroelectronics.FP-SNS-FLIGHT1.5.1.0
2026-04-26 19:40:07,056 [INFO] LogOutputStream:77 - [STDOUT_REDIRECT] 1 : Invalid condition id : UX_CORESTACK_Condition cause : null
2026-04-26 19:40:07,059 [INFO] LogOutputStream:77 - [STDOUT_REDIRECT] 1 : Invalid condition id : UX_CORESTACK_Condition cause : null
2026-04-26 19:40:07,061 [INFO] LogOutputStream:77 - [STDOUT_REDIRECT] 1 : Invalid condition id : UX_CORESTACK_Condition cause : null
2026-04-26 19:40:07,062 [INFO] LogOutputStream:77 - [STDOUT_REDIRECT] 1 : Invalid condition id : UX_CORESTACK_Condition cause : null
2026-04-26 19:40:07,063 [INFO] LogOutputStream:77 - [STDOUT_REDIRECT] 1 : Invalid condition id : UX_CORESTACK_Condition cause : null
2026-04-26 19:40:07,067 [WARN] PackLoader:240 - Cannot read IP mode file for STMicroelectronics.X-CUBE-AZRTOS-WL.2.0.0
2026-04-26 19:40:07,091 [WARN] PackLoader:240 - Cannot read IP mode file for STMicroelectronics.X-CUBE-AZRTOS-H7RS.1.2.0
2026-04-26 19:40:07,103 [WARN] PackLoader:240 - Cannot read IP mode file for STMicroelectronics.X-CUBE-BLE2.3.3.0
2026-04-26 19:40:07,180 [WARN] PackLoader:240 - Cannot read IP mode file for Infineon.AIROC-Wi-Fi-Bluetooth-STM32.1.8.0
2026-04-26 19:40:07,196 [WARN] PackLoader:240 - Cannot read IP mode file for STMicroelectronics.X-CUBE-NFC9.1.0.0
2026-04-26 19:40:07,207 [WARN] PackLoader:240 - Cannot read IP mode file for STMicroelectronics.X-CUBE-BLE1.7.1.0
2026-04-26 19:40:07,214 [WARN] PackLoader:240 - Cannot read IP mode file for wolfSSL.I-CUBE-wolfMQTT.1.19.2
2026-04-26 19:40:07,224 [WARN] PackLoader:240 - Cannot read IP mode file for STMicroelectronics.X-CUBE-EEPRMA1.5.2.0
2026-04-26 19:40:07,233 [WARN] PackLoader:240 - Cannot read IP mode file for wolfSSL.I-CUBE-wolfSSL.5.8.4
2026-04-26 19:40:07,241 [WARN] PackLoader:240 - Cannot read IP mode file for STMicroelectronics.FP-SNS-STAIOTCFT.1.1.0
2026-04-26 19:40:07,286 [WARN] PackLoader:240 - Cannot read IP mode file for STMicroelectronics.X-CUBE-MEMS1.12.0.0
2026-04-26 19:40:07,405 [WARN] PackLoader:240 - Cannot read IP mode file for STMicroelectronics.X-CUBE-AZRTOS-G0.1.1.0
2026-04-26 19:40:07,416 [WARN] PackLoader:240 - Cannot read IP mode file for STMicroelectronics.X-CUBE-NFC4.3.0.0
2026-04-26 19:40:07,428 [WARN] PackLoader:240 - Cannot read IP mode file for EmbeddedOffice.I-CUBE-FS-RTOS.1.0.1
2026-04-26 19:40:07,435 [WARN] PackLoader:240 - Cannot read IP mode file for wolfSSL.I-CUBE-wolfTPM.3.8.0
2026-04-26 19:40:07,444 [WARN] PackLoader:240 - Cannot read IP mode file for STMicroelectronics.X-CUBE-TCPP.4.2.0
2026-04-26 19:40:07,486 [WARN] PackLoader:240 - Cannot read IP mode file for RealThread.X-CUBE-RT-Thread_Nano.4.1.1
2026-04-26 19:40:07,496 [WARN] PackLoader:240 - Cannot read IP mode file for STMicroelectronics.FP-ATR-SIGFOX1.3.2.0
2026-04-26 19:40:07,504 [WARN] PackLoader:240 - Cannot read IP mode file for STMicroelectronics.X-CUBE-FREERTOS.1.5.0
2026-04-26 19:40:07,513 [WARN] PackLoader:240 - Cannot read IP mode file for ITTIA_DB.I-CUBE-ITTIADB.8.9.0
2026-04-26 19:40:07,522 [WARN] PackLoader:240 - Cannot read IP mode file for STMicroelectronics.X-CUBE-NFC6.3.2.0
2026-04-26 19:40:07,533 [WARN] PackLoader:240 - Cannot read IP mode file for STMicroelectronics.X-CUBE-AI.10.2.0
2026-04-26 19:40:07,569 [WARN] PackLoader:240 - Cannot read IP mode file for SEGGER.I-CUBE-embOS.1.3.1
2026-04-26 19:40:07,610 [WARN] PackLoader:240 - Cannot read IP mode file for STMicroelectronics.X-CUBE-ALGOBUILD.1.4.0
2026-04-26 19:40:07,617 [WARN] PackLoader:240 - Cannot read IP mode file for STMicroelectronics.X-CUBE-PM33A1.1.0.0
2026-04-26 19:40:07,638 [WARN] PackLoader:240 - Cannot read IP mode file for STMicroelectronics.X-CUBE-AZRTOS-F4.1.1.0
2026-04-26 19:40:07,646 [WARN] PackLoader:240 - Cannot read IP mode file for STMicroelectronics.X-CUBE-ISPU.2.1.0
2026-04-26 19:40:07,659 [WARN] PackLoader:240 - Cannot read IP mode file for STMicroelectronics.X-CUBE-IPS.3.2.0
2026-04-26 19:40:07,669 [WARN] PackLoader:240 - Cannot read IP mode file for STMicroelectronics.eDS-WB_DPC_TT-BIDIR.2.1.1
2026-04-26 19:40:07,678 [WARN] PackLoader:240 - Cannot read IP mode file for STMicroelectronics.X-CUBE-NFC12.1.0.0
2026-04-26 19:40:07,694 [WARN] PackLoader:240 - Cannot read IP mode file for STMicroelectronics.X-CUBE-AZRTOS-L5.2.0.0
2026-04-26 19:40:07,701 [WARN] PackLoader:240 - Cannot read IP mode file for STMicroelectronics.eDS-WB_DPC_VIENNA.1.2.0
2026-04-26 19:40:07,706 [WARN] PackLoader:240 - Cannot read IP mode file for STMicroelectronics.eDS-WB_DPC_3PH2L-BIDIR.1.1.1
2026-04-26 19:40:07,711 [ERROR] Engine:466 - C:\Users\venum\.stm32cubemx\thirdparties\pdsc\STMicroelectronics.X-CUBE-ST67W61.1.3.0.pdsc: PDSC version is not supported
2026-04-26 19:40:07,719 [WARN] PackLoader:240 - Cannot read IP mode file for STMicroelectronics.X-CUBE-TOUCHGFX.4.26.1
2026-04-26 19:40:07,726 [WARN] PackLoader:240 - Cannot read IP mode file for STMicroelectronics.X-CUBE-DPower.1.3.0
2026-04-26 19:40:07,743 [WARN] ConditionMgr:438 - getConditionDescription Invalid condition id : LAN8742 Phy interface Condition cause : null
2026-04-26 19:40:07,744 [WARN] PackLoader:240 - Cannot read IP mode file for STMicroelectronics.X-CUBE-AZRTOS-L4.2.0.0
2026-04-26 19:40:07,745 [WARN] ConditionMgr:1044 - genDependencies : Invalid condition id : LAN8742 Phy interface Condition cause : null
2026-04-26 19:40:07,746 [WARN] ConditionMgr:1044 - genDependencies : Invalid condition id : LAN8742 Phy interface Condition cause : null
2026-04-26 19:40:07,747 [WARN] ConditionMgr:1044 - genDependencies : Invalid condition id : LAN8742 Phy interface Condition cause : null
2026-04-26 19:40:07,758 [WARN] PackLoader:240 - Cannot read IP mode file for STMicroelectronics.X-CUBE-SFXS2LP1.4.0.0
2026-04-26 19:40:07,767 [WARN] PackLoader:240 - Cannot read IP mode file for STMicroelectronics.X-CUBE-WB05N.2.1.0
2026-04-26 19:40:07,781 [WARN] PackLoader:240 - Cannot read IP mode file for STMicroelectronics.X-CUBE-BLEMGR.4.1.0
2026-04-26 19:40:07,797 [WARN] ConditionMgr:438 - getConditionDescription Invalid condition id : UX DEVICE CLASS RTOS Condition cause : null
2026-04-26 19:40:07,799 [WARN] ConditionMgr:438 - getConditionDescription Invalid condition id : UX DEVICE CLASS RTOS Condition cause : null
2026-04-26 19:40:07,801 [WARN] PackLoader:240 - Cannot read IP mode file for STMicroelectronics.X-CUBE-AZRTOS-WB.2.0.0
2026-04-26 19:40:07,801 [WARN] ConditionMgr:1044 - genDependencies : Invalid condition id : UX DEVICE CLASS RTOS Condition cause : null
2026-04-26 19:40:07,801 [WARN] ConditionMgr:1044 - genDependencies : Invalid condition id : UX DEVICE CLASS RTOS Condition cause : null
2026-04-26 19:40:07,802 [WARN] ConditionMgr:1044 - genDependencies : Invalid condition id : UX DEVICE CLASS RTOS Condition cause : null
2026-04-26 19:40:07,802 [WARN] ConditionMgr:1044 - genDependencies : Invalid condition id : UX DEVICE CLASS RTOS Condition cause : null
2026-04-26 19:40:07,802 [WARN] ConditionMgr:1044 - genDependencies : Invalid condition id : UX DEVICE CLASS RTOS Condition cause : null
2026-04-26 19:40:07,809 [WARN] ConditionMgr:438 - getConditionDescription Invalid condition id : Cortex-A Device cause : null
2026-04-26 19:40:07,840 [WARN] ConditionMgr:1044 - genDependencies : Invalid condition id : Cortex-A Device cause : null
2026-04-26 19:40:07,840 [WARN] ConditionMgr:1044 - genDependencies : Invalid condition id : Cortex-A Device cause : null
2026-04-26 19:40:07,840 [WARN] ConditionMgr:1044 - genDependencies : Invalid condition id : Cortex-A Device cause : null
2026-04-26 19:40:07,849 [WARN] PackLoader:240 - Cannot read IP mode file for STMicroelectronics.X-CUBE-STSE01.2.0.0
2026-04-26 19:40:07,861 [WARN] PackLoader:240 - Cannot read IP mode file for STMicroelectronics.X-CUBE-SUBG2.5.0.0
2026-04-26 19:40:07,879 [WARN] PackLoader:240 - Cannot read IP mode file for STMicroelectronics.X-CUBE-AZRTOS-G4.2.0.0
2026-04-26 19:40:07,887 [WARN] PackLoader:240 - Cannot read IP mode file for wolfSSL.I-CUBE-wolfSSH.1.4.20
2026-04-26 19:40:07,893 [WARN] PackLoader:240 - Cannot read IP mode file for STMicroelectronics.X-CUBE-NFC7.2.0.0
2026-04-26 19:40:07,900 [WARN] PackLoader:240 - Cannot read IP mode file for STMicroelectronics.X-CUBE-ALS.1.0.2
2026-04-26 19:40:07,912 [WARN] PackLoader:240 - Cannot read IP mode file for STMicroelectronics.X-CUBE-TOF1.3.4.3
2026-04-26 19:40:07,922 [INFO] ThirdParty:978 - Integrity check success = true
2026-04-26 19:40:07,922 [INFO] IntegrityCheckThread:100 - exiting critical section [integrity check]
2026-04-26 19:40:07,922 [INFO] IntegrityCheckThread:103 - End integrity checks thread
2026-04-26 21:10:15,330 [ERROR] LogOutputStream:75 - [STDERR_REDIRECT] 
