2026-04-24 09:27:33,051 [INFO] WebApp:194 - Connection lost
2026-04-24 09:27:38,480 [INFO] WebApp:191 - Connection restablished
2026-04-24 09:27:41,239 [INFO] WebApp:194 - Connection lost
2026-04-24 09:27:41,454 [INFO] WebApp:191 - Connection restablished
2026-04-24 09:29:25,243 [INFO] WebApp:194 - Connection lost
2026-04-24 09:29:25,484 [INFO] WebApp:191 - Connection restablished
2026-04-24 10:27:41,329 [INFO] WebApp:194 - Connection lost
2026-04-24 10:27:41,525 [INFO] WebApp:191 - Connection restablished
2026-04-24 11:22:09,858 [INFO] MainUpdater:2872 - connection check result : 10
2026-04-24 11:22:10,010 [INFO] McuFinderGlobals:76 - Set McuFinderConnectedMode to true
2026-04-24 11:22:10,016 [INFO] MultiScanPanel:200 - Auto-refresh data requested => check proxy status ongoing
2026-04-24 11:22:10,016 [INFO] FinderPluginLoader:96 - Searching for filters in installed packs
2026-04-24 11:22:12,053 [INFO] LoadUrlFilesThread:185 - End of LoadServerUrlFiles without Thread
2026-04-24 11:22:12,053 [INFO] DetailPanel:341 - Set advertising image to C:/Users/venum/STM32Cube/Repository/\en.prom-stm32u3b5-u3c5-0426.jpg
2026-04-24 11:22:18,089 [INFO] ApiDb:581 - Connected to CubeFinder SQLite database (C:\Users\venum\.stmcufinder\plugins\mcufinder\mcu\cube-finder-db.db)
2026-04-24 11:23:32,267 [INFO] McuFinderGlobals:76 - Set McuFinderConnectedMode to true
2026-04-24 11:23:32,271 [INFO] ApiDb:448 - Save user favorites file C:\Users\venum/.stm32cubeide/favorites.mcus.txt: 0 item(s)
2026-04-24 11:23:32,272 [INFO] ApiDb:452 - User favorites MCUs=[]
2026-04-24 11:27:42,566 [INFO] WebApp:194 - Connection lost
2026-04-24 11:27:42,761 [INFO] WebApp:191 - Connection restablished
2026-04-24 12:27:43,523 [INFO] WebApp:194 - Connection lost
2026-04-24 12:27:43,763 [INFO] WebApp:191 - Connection restablished
2026-04-24 13:21:30,470 [INFO] WebApp:194 - Connection lost
2026-04-24 13:21:30,698 [INFO] WebApp:191 - Connection restablished
2026-04-24 13:24:31,484 [INFO] WebApp:194 - Connection lost
2026-04-24 13:24:31,667 [INFO] WebApp:191 - Connection restablished
2026-04-24 14:24:32,983 [INFO] WebApp:194 - Connection lost
2026-04-24 14:24:33,220 [INFO] WebApp:191 - Connection restablished
2026-04-24 14:27:27,463 [INFO] WebApp:194 - Connection lost
2026-04-24 14:27:27,667 [INFO] WebApp:191 - Connection restablished
2026-04-24 14:45:26,446 [INFO] MainUpdater:2872 - connection check result : 10
2026-04-24 14:45:26,587 [INFO] McuFinderGlobals:76 - Set McuFinderConnectedMode to true
2026-04-24 14:45:26,591 [INFO] MultiScanPanel:200 - Auto-refresh data requested => check proxy status ongoing
2026-04-24 14:45:26,593 [INFO] FinderPluginLoader:96 - Searching for filters in installed packs
2026-04-24 14:45:28,349 [INFO] LoadUrlFilesThread:185 - End of LoadServerUrlFiles without Thread
2026-04-24 14:45:28,349 [INFO] DetailPanel:341 - Set advertising image to C:/Users/venum/STM32Cube/Repository/\en.prom-stm32u3b5-u3c5-0426.jpg
2026-04-24 14:46:21,512 [INFO] MainUpdater:2872 - connection check result : 10
2026-04-24 14:46:21,512 [INFO] MainUpdater:2872 - connection check result : 10
2026-04-24 14:46:21,580 [INFO] MicroXplorer:468 - Change Database Path : 
2026-04-24 14:46:21,580 [INFO] MicroXplorer:498 - Change Database Version : DB.6.0.150
2026-04-24 14:46:21,593 [WARN] ThirdParty:871 - waiting for thirdparty lock release [close project]
2026-04-24 14:46:21,593 [INFO] ThirdParty:873 - entering critical section [close project]
2026-04-24 14:46:21,621 [INFO] ThirdParty:883 - exiting critical section [close project]
2026-04-24 14:46:21,629 [INFO] PinOutPanel:1589 - setPackage(No Configuration,No Configuration)
2026-04-24 14:46:21,635 [INFO] UtilMem:75 - Begin LoadConfig() Used Memory: 852846160 Bytes (1073741824)
2026-04-24 14:46:21,639 [INFO] MicroXplorer:468 - Change Database Path : 
2026-04-24 14:46:21,639 [INFO] MicroXplorer:498 - Change Database Version : DB.6.0.150
2026-04-24 14:46:21,639 [INFO] OpenFileManager:355 - Change cursor
2026-04-24 14:46:21,664 [WARN] IntegrityCheckThread:84 - waiting for thirdparty lock release [integrity check]
2026-04-24 14:46:21,664 [INFO] IntegrityCheckThread:86 - entering critical section [integrity check]
2026-04-24 14:46:21,926 [WARN] PackLoader:240 - Cannot read IP mode file for STMicroelectronics.X-CUBE-AZRTOS-H7.3.5.0
2026-04-24 14:46:21,949 [WARN] PackLoader:240 - Cannot read IP mode file for STMicroelectronics.FP-ATR-ASTRA1.2.0.2
2026-04-24 14:46:21,972 [WARN] PackLoader:240 - Cannot read IP mode file for STMicroelectronics.X-CUBE-SMBUS.2.1.0
2026-04-24 14:46:22,016 [WARN] PackLoader:240 - Cannot read IP mode file for STMicroelectronics.X-CUBE-AZRTOS-F7.1.1.0
2026-04-24 14:46:22,035 [WARN] PackLoader:240 - Cannot read IP mode file for STMicroelectronics.FP-SNS-MOTENV1.5.1.0
2026-04-24 14:46:22,067 [WARN] PackLoader:240 - Cannot read IP mode file for WES.I-CUBE-Cesium.1.4.0
2026-04-24 14:46:22,093 [WARN] PackLoader:240 - Cannot read IP mode file for STMicroelectronics.X-CUBE-DISPLAY.3.0.0
2026-04-24 14:46:22,117 [WARN] PackLoader:240 - Cannot read IP mode file for STMicroelectronics.FP-SNS-MOTENVWB1.1.5.0
2026-04-24 14:46:22,137 [WARN] PackLoader:240 - Cannot read IP mode file for STMicroelectronics.X-CUBE-NFC10.1.0.0
2026-04-24 14:46:22,160 [WARN] PackLoader:240 - Cannot read IP mode file for STMicroelectronics.X-CUBE-ST60.1.1.0
2026-04-24 14:46:22,186 [WARN] PackLoader:240 - Cannot read IP mode file for emotas.I-CUBE-CANOPEN.1.3.0
2026-04-24 14:46:22,209 [WARN] PackLoader:240 - Cannot read IP mode file for STMicroelectronics.X-CUBE-GNSS1.7.1.0
2026-04-24 14:46:22,234 [WARN] PackLoader:240 - Cannot read IP mode file for STMicroelectronics.FP-SNS-STBOX1.2.1.0
2026-04-24 14:46:22,261 [WARN] PackLoader:240 - Cannot read IP mode file for STMicroelectronics.FP-SNS-SMARTAG2.1.2.0
2026-04-24 14:46:22,281 [WARN] PackLoader:240 - Cannot read IP mode file for STMicroelectronics.FP-SNS-FLIGHT1.5.1.0
