2026-04-30 09:46:03,388 [ERROR] LogOutputStream:75 - [STDERR_REDIRECT] 
2026-04-30 09:51:15,442 [INFO] Activator:176 - 


2026-04-30 09:51:15,447 [INFO] Activator:177 - !SESSION log4j initialized
2026-04-30 09:51:27,650 [INFO] LogOutputStream:77 - [STDOUT_REDIRECT] 
2026-04-30 09:51:52,318 [INFO] ApplicationProperties:184 - Using Application install path: C:\ST\STM32CubeIDE_1.19.0\STM32CubeIDE\plugins\com.st.stm32cube.common.mx_6.15.0.202507011659
2026-04-30 09:51:52,345 [INFO] DbMcusXml:78 - Set database path to: C:\ST\STM32CubeIDE_1.19.0\STM32CubeIDE\plugins\com.st.stm32cube.common.mx_6.15.0.202507011659\\db\/mcu/
2026-04-30 09:51:52,345 [INFO] ApiDb:274 - Set plugin database path to: C:\ST\STM32CubeIDE_1.19.0\STM32CubeIDE\plugins\com.st.stm32cube.common.mx_6.15.0.202507011659\\db\/plugins/boardmanager/
2026-04-30 09:51:52,346 [WARN] ApiDb:259 - Overriding images path with different value:  => C:\ST\STM32CubeIDE_1.19.0\STM32CubeIDE\plugins\com.st.stm32cube.common.mx_6.15.0.202507011659\\db\/plugins/mcufinder/images/
2026-04-30 09:51:52,365 [INFO] ApiDb:250 - Set database path to: C:\Users\venum\.stmcufinder\plugins\mcufinder//mcu/
2026-04-30 09:51:52,367 [INFO] DbMcusAds:125 - Set database path to: C:\Users\venum\.stmcufinder\plugins\mcufinder//mcu/
2026-04-30 09:51:52,377 [INFO] CrossReferenceDbSqlite:203 - Set database path to: C:\Users\venum\.stmcufinder\plugins\mcufinder//mcu/cs/
2026-04-30 09:51:52,547 [INFO] RulesReader:64 - Compatibility file has been processed (317 Rules)
2026-04-30 09:51:52,640 [INFO] DbMcusXml:78 - Set database path to: C:\ST\STM32CubeIDE_1.19.0\STM32CubeIDE\plugins\com.st.stm32cube.common.mx_6.15.0.202507011659\\db\/mcu/
2026-04-30 09:51:52,640 [INFO] ApiDb:274 - Set plugin database path to: C:\ST\STM32CubeIDE_1.19.0\STM32CubeIDE\plugins\com.st.stm32cube.common.mx_6.15.0.202507011659\\db\/plugins/boardmanager/
2026-04-30 09:51:52,640 [INFO] ApiDb:261 - Set plugin images path to: C:\ST\STM32CubeIDE_1.19.0\STM32CubeIDE\plugins\com.st.stm32cube.common.mx_6.15.0.202507011659\\db\/plugins/mcufinder/images/
2026-04-30 09:51:52,641 [WARN] DbFile:41 - Overriding database path with different value: C:\Users\venum\.stmcufinder\plugins\mcufinder/ => C:\Users\venum\.stmcufinder\plugins\mcufinder
2026-04-30 09:51:52,641 [INFO] ApiDb:250 - Set database path to: C:\Users\venum\.stmcufinder\plugins\mcufinder//mcu/
2026-04-30 09:51:52,641 [WARN] DbFile:41 - Overriding database path with different value: C:\Users\venum\.stmcufinder\plugins\mcufinder/ => C:\Users\venum\.stmcufinder\plugins\mcufinder
2026-04-30 09:51:52,641 [INFO] DbMcusAds:125 - Set database path to: C:\Users\venum\.stmcufinder\plugins\mcufinder//mcu/
2026-04-30 09:51:52,641 [WARN] DbFile:41 - Overriding database path with different value: C:\Users\venum\.stmcufinder\plugins\mcufinder/ => C:\Users\venum\.stmcufinder\plugins\mcufinder
2026-04-30 09:51:52,641 [WARN] DbFile:41 - Overriding database path with different value: C:\Users\venum\.stmcufinder\plugins\mcufinder/ => C:\Users\venum\.stmcufinder\plugins\mcufinder
2026-04-30 09:51:52,641 [INFO] CrossReferenceDbSqlite:203 - Set database path to: C:\Users\venum\.stmcufinder\plugins\mcufinder//mcu/cs/
2026-04-30 09:51:52,749 [INFO] MainPanel:274 - HeapMemory: 273678336
2026-04-30 09:51:52,962 [INFO] DbMcusXml:78 - Set database path to: C:\ST\STM32CubeIDE_1.19.0\STM32CubeIDE\plugins\com.st.stm32cube.common.mx_6.15.0.202507011659\\db\/mcu/
2026-04-30 09:51:52,962 [INFO] ApiDb:274 - Set plugin database path to: C:\ST\STM32CubeIDE_1.19.0\STM32CubeIDE\plugins\com.st.stm32cube.common.mx_6.15.0.202507011659\\db\/plugins/boardmanager/
2026-04-30 09:51:52,962 [INFO] ApiDb:261 - Set plugin images path to: C:\ST\STM32CubeIDE_1.19.0\STM32CubeIDE\plugins\com.st.stm32cube.common.mx_6.15.0.202507011659\\db\/plugins/mcufinder/images/
2026-04-30 09:51:52,963 [WARN] DbFile:41 - Overriding database path with different value: C:\Users\venum\.stmcufinder\plugins\mcufinder/ => C:\Users\venum\.stmcufinder\plugins\mcufinder
2026-04-30 09:51:52,963 [INFO] ApiDb:250 - Set database path to: C:\Users\venum\.stmcufinder\plugins\mcufinder//mcu/
2026-04-30 09:51:52,963 [WARN] DbFile:41 - Overriding database path with different value: C:\Users\venum\.stmcufinder\plugins\mcufinder/ => C:\Users\venum\.stmcufinder\plugins\mcufinder
2026-04-30 09:51:52,963 [INFO] DbMcusAds:125 - Set database path to: C:\Users\venum\.stmcufinder\plugins\mcufinder//mcu/
2026-04-30 09:51:52,963 [WARN] DbFile:41 - Overriding database path with different value: C:\Users\venum\.stmcufinder\plugins\mcufinder/ => C:\Users\venum\.stmcufinder\plugins\mcufinder
2026-04-30 09:51:52,963 [WARN] DbFile:41 - Overriding database path with different value: C:\Users\venum\.stmcufinder\plugins\mcufinder/ => C:\Users\venum\.stmcufinder\plugins\mcufinder
2026-04-30 09:51:52,963 [INFO] CrossReferenceDbSqlite:203 - Set database path to: C:\Users\venum\.stmcufinder\plugins\mcufinder//mcu/cs/
2026-04-30 09:51:52,990 [INFO] ApplicationProperties:184 - Using Application install path: C:\ST\STM32CubeIDE_1.19.0\STM32CubeIDE\plugins\com.st.stm32cube.common.mx_6.15.0.202507011659
2026-04-30 09:51:52,992 [INFO] PluginManage:196 - Search for loadable plugins [exclusion list=, ]
2026-04-30 09:51:52,995 [INFO] PluginManage:310 - Check plugin analytics
2026-04-30 09:51:53,236 [INFO] AnalyticsPlugin:253 - Accepted Software Licenses: 
2026-04-30 09:51:53,236 [INFO] AnalyticsPlugin:255 - Accepted CMSIS Pack Licenses: 
2026-04-30 09:51:53,237 [INFO] AnalyticsPlugin:257 - Accepted Firmware Licenses: FW.L4.1.18.0,FW.F4.1.28.0
2026-04-30 09:51:53,240 [INFO] PluginManage:359 - Loaded plugin analytics (category:tool,tabindex:-1)
2026-04-30 09:51:53,240 [INFO] PluginManage:310 - Check plugin cadmodel
2026-04-30 09:51:53,259 [INFO] CADModel:105 - Init CAD model plugin
2026-04-30 09:51:53,259 [INFO] PluginManage:359 - Loaded plugin cadmodel (category:power,tabindex:5)
2026-04-30 09:51:53,259 [INFO] PluginManage:310 - Check plugin clock
2026-04-30 09:51:53,284 [INFO] PluginManage:359 - Loaded plugin clock (category:base,tabindex:2)
2026-04-30 09:51:53,284 [INFO] PluginManage:310 - Check plugin ddr
2026-04-30 09:51:53,287 [INFO] PluginManage:359 - Loaded plugin ddr (category:tool,tabindex:6)
2026-04-30 09:51:53,287 [INFO] PluginManage:310 - Check plugin filemanager
2026-04-30 09:51:53,462 [INFO] PluginManage:359 - Loaded plugin filemanager (category:base,tabindex:10)
2026-04-30 09:51:53,463 [INFO] PluginManage:310 - Check plugin ipmanager
2026-04-30 09:51:53,473 [INFO] PluginManage:359 - Loaded plugin ipmanager (category:base,tabindex:5)
2026-04-30 09:51:53,473 [INFO] PluginManage:310 - Check plugin lpbam
2026-04-30 09:51:53,497 [INFO] PluginManage:359 - Loaded plugin lpbam (category:base,tabindex:0)
2026-04-30 09:51:53,498 [INFO] PluginManage:310 - Check plugin memorymap
2026-04-30 09:51:53,552 [INFO] PluginManage:359 - Loaded plugin memorymap (category:base,tabindex:4)
2026-04-30 09:51:53,553 [INFO] PluginManage:310 - Check plugin pinoutandconfiguration
2026-04-30 09:51:53,596 [INFO] PluginManage:359 - Loaded plugin pinoutandconfiguration (category:base,tabindex:1)
2026-04-30 09:51:53,596 [INFO] PluginManage:310 - Check plugin pinoutconfig
2026-04-30 09:51:53,747 [WARN] SupportedApi:132 - Cannot load RTOS API schema: s4s-elt-must-match.1: The content of 'definitions' must match (annotation?, (simpleType | complexType)?, (unique | key | keyref)*)). A problem was found starting at: attribute.
2026-04-30 09:51:53,929 [INFO] PluginManage:359 - Loaded plugin pinoutconfig (category:base,tabindex:0)
2026-04-30 09:51:53,929 [INFO] PluginManage:310 - Check plugin power
2026-04-30 09:51:53,954 [INFO] PluginManage:359 - Loaded plugin power (category:power,tabindex:4)
2026-04-30 09:51:53,954 [INFO] PluginManage:310 - Check plugin projectmanager
2026-04-30 09:51:53,969 [INFO] PluginManage:359 - Loaded plugin projectmanager (category:projectmanager,tabindex:4)
2026-04-30 09:51:53,969 [INFO] PluginManage:310 - Check plugin rif
2026-04-30 09:51:53,993 [INFO] PluginManage:359 - Loaded plugin rif (category:base,tabindex:3)
2026-04-30 09:51:53,994 [INFO] PluginManage:310 - Check plugin thirdparty
2026-04-30 09:51:54,386 [INFO] PluginManage:359 - Loaded plugin thirdparty (category:base,tabindex:-1)
2026-04-30 09:51:54,385 [WARN] IntegrityCheckThread:84 - waiting for thirdparty lock release [integrity check]
2026-04-30 09:51:54,386 [INFO] PluginManage:310 - Check plugin tools
2026-04-30 09:51:54,386 [INFO] IntegrityCheckThread:86 - entering critical section [integrity check]
2026-04-30 09:51:54,387 [INFO] ThirdPartyUpdaterWithRetryManager:70 - Updater plugin not ready yet. [1/15]
2026-04-30 09:51:54,454 [INFO] PluginManage:359 - Loaded plugin tools (category:base,tabindex:7)
2026-04-30 09:51:54,454 [INFO] PluginManage:310 - Check plugin tutovideos
2026-04-30 09:51:54,698 [INFO] PluginManage:359 - Loaded plugin tutovideos (category:base,tabindex:-1)
2026-04-30 09:51:54,698 [INFO] PluginManage:310 - Check plugin updater
2026-04-30 09:51:54,721 [INFO] PluginManage:359 - Loaded plugin updater (category:base,tabindex:12)
2026-04-30 09:51:54,721 [INFO] PluginManage:310 - Check plugin userauth
2026-04-30 09:51:54,726 [INFO] UserAuth:118 - Init User Auth plugin
2026-04-30 09:51:54,727 [INFO] PluginManage:359 - Loaded plugin userauth (category:base,tabindex:14)
2026-04-30 09:51:54,728 [INFO] PluginManage:283 - PluginManage : Loaded plugins [18]
2026-04-30 09:51:54,977 [INFO] PinOutPanel:1589 - setPackage(No Configuration,No Configuration)
2026-04-30 09:51:55,134 [INFO] CADModel:165 - CPN selected for project level
2026-04-30 09:51:55,135 [INFO] CADModel:114 - Register for checkConnection events
2026-04-30 09:51:55,170 [INFO] IPUIPlugin:80 - create IPUIPlugin
2026-04-30 09:51:55,170 [INFO] PluginManager:220 - loadIPPluginJar : add adc
2026-04-30 09:51:55,225 [INFO] IPUIPlugin:80 - create IPUIPlugin
2026-04-30 09:51:55,225 [INFO] PluginManager:220 - loadIPPluginJar : add aes
2026-04-30 09:51:55,279 [INFO] IPUIPlugin:80 - create IPUIPlugin
2026-04-30 09:51:55,279 [INFO] PluginManager:220 - loadIPPluginJar : add can
2026-04-30 09:51:55,313 [INFO] IPUIPlugin:80 - create IPUIPlugin
2026-04-30 09:51:55,314 [INFO] PluginManager:220 - loadIPPluginJar : add comp
2026-04-30 09:51:55,371 [INFO] IPUIPlugin:80 - create IPUIPlugin
2026-04-30 09:51:55,372 [INFO] PluginManager:220 - loadIPPluginJar : add cryp
2026-04-30 09:51:55,385 [INFO] IPUIPlugin:80 - create IPUIPlugin
2026-04-30 09:51:55,385 [INFO] PluginManager:220 - loadIPPluginJar : add ddr_ctrl_phy
2026-04-30 09:51:55,423 [INFO] IPUIPlugin:80 - create IPUIPlugin
2026-04-30 09:51:55,424 [INFO] PluginManager:220 - loadIPPluginJar : add dfsdm
2026-04-30 09:51:55,440 [INFO] IPUIPlugin:80 - create IPUIPlugin
2026-04-30 09:51:55,440 [INFO] PluginManager:220 - loadIPPluginJar : add dma
2026-04-30 09:51:55,489 [INFO] IPUIPlugin:80 - create IPUIPlugin
2026-04-30 09:51:55,490 [INFO] PluginManager:220 - loadIPPluginJar : add dma3
2026-04-30 09:51:55,553 [INFO] IPUIPlugin:80 - create IPUIPlugin
2026-04-30 09:51:55,553 [INFO] PluginManager:220 - loadIPPluginJar : add extmemmanager
2026-04-30 09:51:55,580 [INFO] IPUIPlugin:80 - create IPUIPlugin
2026-04-30 09:51:55,580 [INFO] PluginManager:220 - loadIPPluginJar : add fatfs
2026-04-30 09:51:55,639 [INFO] IPUIPlugin:80 - create IPUIPlugin
2026-04-30 09:51:55,639 [INFO] PluginManager:220 - loadIPPluginJar : add fmc
2026-04-30 09:51:55,656 [INFO] IPUIPlugin:80 - create IPUIPlugin
2026-04-30 09:51:55,656 [INFO] PluginManager:220 - loadIPPluginJar : add freertos
2026-04-30 09:51:55,682 [INFO] IPUIPlugin:80 - create IPUIPlugin
2026-04-30 09:51:55,682 [INFO] PluginManager:220 - loadIPPluginJar : add genericplugin
2026-04-30 09:51:55,791 [INFO] IPUIPlugin:80 - create IPUIPlugin
2026-04-30 09:51:55,791 [INFO] PluginManager:220 - loadIPPluginJar : add gfxmmu
2026-04-30 09:51:55,963 [INFO] IPUIPlugin:80 - create IPUIPlugin
2026-04-30 09:51:55,963 [INFO] PluginManager:220 - loadIPPluginJar : add gic
2026-04-30 09:51:56,024 [INFO] IPUIPlugin:80 - create IPUIPlugin
2026-04-30 09:51:56,025 [INFO] PluginManager:220 - loadIPPluginJar : add gpio
2026-04-30 09:51:56,129 [INFO] IPUIPlugin:80 - create IPUIPlugin
2026-04-30 09:51:56,130 [INFO] PluginManager:220 - loadIPPluginJar : add gtzc
2026-04-30 09:51:56,169 [INFO] IPUIPlugin:80 - create IPUIPlugin
2026-04-30 09:51:56,170 [INFO] PluginManager:220 - loadIPPluginJar : add hash
2026-04-30 09:51:56,236 [INFO] IPUIPlugin:80 - create IPUIPlugin
2026-04-30 09:51:56,236 [INFO] PluginManager:220 - loadIPPluginJar : add i2c
2026-04-30 09:51:56,282 [INFO] IPUIPlugin:80 - create IPUIPlugin
2026-04-30 09:51:56,282 [INFO] PluginManager:220 - loadIPPluginJar : add i2s
2026-04-30 09:51:56,331 [INFO] IPUIPlugin:80 - create IPUIPlugin
2026-04-30 09:51:56,332 [INFO] PluginManager:220 - loadIPPluginJar : add i3c
2026-04-30 09:51:56,484 [INFO] IPUIPlugin:80 - create IPUIPlugin
2026-04-30 09:51:56,484 [INFO] PluginManager:220 - loadIPPluginJar : add ipddr
2026-04-30 09:51:56,655 [INFO] IPUIPlugin:80 - create IPUIPlugin
2026-04-30 09:51:56,655 [INFO] PluginManager:220 - loadIPPluginJar : add linkedlist
2026-04-30 09:51:56,702 [INFO] IPUIPlugin:80 - create IPUIPlugin
2026-04-30 09:51:56,702 [INFO] PluginManager:220 - loadIPPluginJar : add lorawan
2026-04-30 09:51:56,753 [INFO] IPUIPlugin:80 - create IPUIPlugin
2026-04-30 09:51:56,753 [INFO] PluginManager:220 - loadIPPluginJar : add ltdc
2026-04-30 09:51:56,769 [INFO] IPUIPlugin:80 - create IPUIPlugin
2026-04-30 09:51:56,769 [INFO] PluginManager:220 - loadIPPluginJar : add mdma
2026-04-30 09:51:56,786 [INFO] IPUIPlugin:80 - create IPUIPlugin
2026-04-30 09:51:56,786 [INFO] PluginManager:220 - loadIPPluginJar : add nvic
2026-04-30 09:51:56,831 [INFO] IPUIPlugin:80 - create IPUIPlugin
2026-04-30 09:51:56,831 [INFO] PluginManager:220 - loadIPPluginJar : add opamp
2026-04-30 09:51:56,925 [INFO] IPUIPlugin:80 - create IPUIPlugin
2026-04-30 09:51:56,925 [INFO] PluginManager:220 - loadIPPluginJar : add openamp
2026-04-30 09:51:56,984 [INFO] IPUIPlugin:80 - create IPUIPlugin
2026-04-30 09:51:56,984 [INFO] PluginManager:220 - loadIPPluginJar : add pdm2pcm
2026-04-30 09:51:57,001 [INFO] IPUIPlugin:80 - create IPUIPlugin
2026-04-30 09:51:57,003 [INFO] PluginManager:220 - loadIPPluginJar : add plateformsettings
2026-04-30 09:51:57,040 [INFO] IPUIPlugin:80 - create IPUIPlugin
2026-04-30 09:51:57,040 [INFO] PluginManager:220 - loadIPPluginJar : add quadspi
2026-04-30 09:51:57,095 [INFO] IPUIPlugin:80 - create IPUIPlugin
2026-04-30 09:51:57,096 [INFO] PluginManager:220 - loadIPPluginJar : add radio
2026-04-30 09:51:57,117 [INFO] IPUIPlugin:80 - create IPUIPlugin
2026-04-30 09:51:57,117 [INFO] PluginManager:220 - loadIPPluginJar : add resmgrutility
2026-04-30 09:51:57,208 [INFO] IPUIPlugin:80 - create IPUIPlugin
2026-04-30 09:51:57,208 [INFO] PluginManager:220 - loadIPPluginJar : add sai
2026-04-30 09:51:57,255 [INFO] IPUIPlugin:80 - create IPUIPlugin
2026-04-30 09:51:57,255 [INFO] PluginManager:220 - loadIPPluginJar : add spi
2026-04-30 09:51:57,349 [INFO] IPUIPlugin:80 - create IPUIPlugin
2026-04-30 09:51:57,350 [INFO] PluginManager:220 - loadIPPluginJar : add stm32_wpan
2026-04-30 09:51:57,378 [INFO] IPUIPlugin:80 - create IPUIPlugin
2026-04-30 09:51:57,378 [INFO] PluginManager:220 - loadIPPluginJar : add tim
2026-04-30 09:51:57,389 [INFO] ThirdPartyUpdaterWithRetryManager:70 - Updater plugin not ready yet. [2/15]
2026-04-30 09:51:57,454 [INFO] IPUIPlugin:80 - create IPUIPlugin
2026-04-30 09:51:57,454 [INFO] PluginManager:220 - loadIPPluginJar : add touchsensing
2026-04-30 09:51:57,496 [INFO] IPUIPlugin:80 - create IPUIPlugin
2026-04-30 09:51:57,497 [INFO] PluginManager:220 - loadIPPluginJar : add tracer_emb
2026-04-30 09:51:57,526 [INFO] IPUIPlugin:80 - create IPUIPlugin
2026-04-30 09:51:57,526 [INFO] PluginManager:220 - loadIPPluginJar : add ts
2026-04-30 09:51:57,553 [INFO] IPUIPlugin:80 - create IPUIPlugin
2026-04-30 09:51:57,553 [INFO] PluginManager:220 - loadIPPluginJar : add tsc
2026-04-30 09:51:57,590 [INFO] IPUIPlugin:80 - create IPUIPlugin
2026-04-30 09:51:57,591 [INFO] PluginManager:220 - loadIPPluginJar : add ucpd
2026-04-30 09:51:57,654 [INFO] IPUIPlugin:80 - create IPUIPlugin
2026-04-30 09:51:57,655 [INFO] PluginManager:220 - loadIPPluginJar : add usart
2026-04-30 09:51:57,711 [INFO] IPUIPlugin:80 - create IPUIPlugin
2026-04-30 09:51:57,712 [INFO] PluginManager:220 - loadIPPluginJar : add usbx
2026-04-30 09:51:57,853 [FATAL] Updater:351 - Updater called before beeing initialized
2026-04-30 09:51:57,894 [INFO] RulesReader:64 - Compatibility file has been processed (317 Rules)
2026-04-30 09:51:57,908 [INFO] RulesReader:64 - Compatibility file has been processed (317 Rules)
2026-04-30 09:51:57,920 [INFO] CADModel:165 - CPN selected for project level
2026-04-30 09:51:57,920 [INFO] CADModel:114 - Register for checkConnection events
2026-04-30 09:51:57,920 [FATAL] Updater:351 - Updater called before beeing initialized
2026-04-30 09:51:57,920 [ERROR] CADModel:125 - Updater not yet initialized, retry later 
2026-04-30 09:51:58,085 [FATAL] Updater:351 - Updater called before beeing initialized
2026-04-30 09:51:58,087 [INFO] CADModel:165 - CPN selected for project level
2026-04-30 09:51:58,087 [INFO] CADModel:114 - Register for checkConnection events
2026-04-30 09:51:58,087 [FATAL] Updater:351 - Updater called before beeing initialized
2026-04-30 09:51:58,087 [ERROR] CADModel:125 - Updater not yet initialized, retry later 
2026-04-30 09:51:58,090 [FATAL] Updater:351 - Updater called before beeing initialized
2026-04-30 09:51:58,202 [FATAL] Updater:351 - Updater called before beeing initialized
2026-04-30 09:51:58,216 [INFO] DbMcusAds:53 - JSON generation date=Mon Apr 27 13:44:29 IST 2026 (1777277669683)
2026-04-30 09:51:58,216 [FATAL] Updater:351 - Updater called before beeing initialized
2026-04-30 09:51:58,263 [WARN] DetailPanel:346 - Failed to get advertising image, set to default
2026-04-30 09:51:58,362 [FATAL] Updater:351 - Updater called before beeing initialized
2026-04-30 09:51:58,364 [FATAL] Updater:351 - Updater called before beeing initialized
2026-04-30 09:51:58,364 [FATAL] Updater:351 - Updater called before beeing initialized
2026-04-30 09:51:58,364 [WARN] DetailPanel:346 - Failed to get advertising image, set to default
2026-04-30 09:51:58,365 [FATAL] Updater:351 - Updater called before beeing initialized
2026-04-30 09:51:58,436 [ERROR] Updater:1198 - MainUpdater not yet initialized. External WinMGr cannot be set.
2026-04-30 09:51:58,449 [INFO] Updater:1134 - Updater Version found : 6.15.0
2026-04-30 09:51:58,469 [INFO] ApplicationProperties:184 - Using Application install path: C:\ST\STM32CubeIDE_1.19.0\STM32CubeIDE\plugins\com.st.stm32cube.common.mx_6.15.0.202507011659
2026-04-30 09:52:00,100 [ERROR] LogOutputStream:75 - [STDERR_REDIRECT] Apr 30, 2026 9:52:00 AM java.util.prefs.WindowsPreferences <init>
2026-04-30 09:52:00,102 [ERROR] LogOutputStream:75 - [STDERR_REDIRECT] WARNING: Could not open/create prefs root node Software\JavaSoft\Prefs at root 0xffffffff80000002. Windows RegCreateKeyEx(...) returned error code 5.
2026-04-30 09:52:00,102 [ERROR] LogOutputStream:75 - [STDERR_REDIRECT] 
2026-04-30 09:52:00,389 [INFO] ThirdPartyUpdaterWithRetryManager:70 - Updater plugin not ready yet. [3/15]
2026-04-30 09:52:00,649 [INFO] MainUpdater:2872 - connection check result : 10
2026-04-30 09:52:00,650 [INFO] MainUpdater:289 - Updater Check For Update Now.
2026-04-30 09:52:00,650 [INFO] MicroXplorer:498 - Change Database Version : DB.6.0.150
2026-04-30 09:52:00,676 [INFO] McuFinderGlobals:63 - Set McuFinder mode to 2 (CubeIDE integrated)
2026-04-30 09:52:00,685 [INFO] UserAuth:487 - Internet connection configuration mode: 1
2026-04-30 09:52:00,727 [INFO] JxBrowserEngine:152 - Initiate JxBrowser Engine with user profile folder
2026-04-30 09:52:00,901 [INFO] CheckServerUpdateThread:120 - End of CheckServer Thread
2026-04-30 09:52:02,876 [INFO] WebApp:169 - Instantiating new browser for Auth
2026-04-30 09:52:03,911 [WARN] PackLoader:240 - Cannot read IP mode file for STMicroelectronics.X-CUBE-AZRTOS-H7.3.5.0
2026-04-30 09:52:03,958 [WARN] PackLoader:240 - Cannot read IP mode file for STMicroelectronics.FP-ATR-ASTRA1.2.0.2
2026-04-30 09:52:03,999 [WARN] PackLoader:240 - Cannot read IP mode file for STMicroelectronics.X-CUBE-SMBUS.2.1.0
2026-04-30 09:52:04,010 [INFO] WebApp:463 - Apply proxy settings
2026-04-30 09:52:04,011 [INFO] WebApp:548 - Chromium requires no authentication
2026-04-30 09:52:04,029 [INFO] WebApp:491 - Direct internet connection detected
2026-04-30 09:52:04,066 [WARN] PackLoader:240 - Cannot read IP mode file for STMicroelectronics.X-CUBE-AZRTOS-F7.1.1.0
2026-04-30 09:52:04,098 [WARN] PackLoader:240 - Cannot read IP mode file for STMicroelectronics.FP-SNS-MOTENV1.5.1.0
2026-04-30 09:52:04,102 [INFO] WebApp:900 - Register for checkConnection events
2026-04-30 09:52:04,102 [INFO] WebApp:463 - Apply proxy settings
2026-04-30 09:52:04,102 [INFO] WebApp:548 - Chromium requires no authentication
2026-04-30 09:52:04,104 [INFO] WebApp:491 - Direct internet connection detected
2026-04-30 09:52:04,131 [WARN] PackLoader:240 - Cannot read IP mode file for WES.I-CUBE-Cesium.1.4.0
2026-04-30 09:52:04,160 [WARN] PackLoader:240 - Cannot read IP mode file for STMicroelectronics.X-CUBE-DISPLAY.3.0.0
2026-04-30 09:52:04,193 [WARN] PackLoader:240 - Cannot read IP mode file for STMicroelectronics.FP-SNS-MOTENVWB1.1.5.0
2026-04-30 09:52:04,222 [WARN] PackLoader:240 - Cannot read IP mode file for STMicroelectronics.X-CUBE-NFC10.1.0.0
2026-04-30 09:52:04,252 [WARN] PackLoader:240 - Cannot read IP mode file for STMicroelectronics.X-CUBE-ST60.1.1.0
2026-04-30 09:52:04,288 [WARN] PackLoader:240 - Cannot read IP mode file for emotas.I-CUBE-CANOPEN.1.3.0
2026-04-30 09:52:04,316 [WARN] PackLoader:240 - Cannot read IP mode file for STMicroelectronics.X-CUBE-GNSS1.7.1.0
2026-04-30 09:52:04,331 [INFO] WebApp:191 - Connection restablished
2026-04-30 09:52:04,348 [WARN] PackLoader:240 - Cannot read IP mode file for STMicroelectronics.FP-SNS-STBOX1.2.1.0
2026-04-30 09:52:04,379 [WARN] PackLoader:240 - Cannot read IP mode file for STMicroelectronics.FP-SNS-SMARTAG2.1.2.0
2026-04-30 09:52:04,402 [WARN] PackLoader:240 - Cannot read IP mode file for STMicroelectronics.FP-SNS-FLIGHT1.5.1.0
2026-04-30 09:52:04,442 [INFO] LogOutputStream:77 - [STDOUT_REDIRECT] 1 : Invalid condition id : UX_CORESTACK_Condition cause : null
2026-04-30 09:52:04,444 [INFO] LogOutputStream:77 - [STDOUT_REDIRECT] 1 : Invalid condition id : UX_CORESTACK_Condition cause : null
2026-04-30 09:52:04,445 [INFO] LogOutputStream:77 - [STDOUT_REDIRECT] 1 : Invalid condition id : UX_CORESTACK_Condition cause : null
2026-04-30 09:52:04,447 [INFO] LogOutputStream:77 - [STDOUT_REDIRECT] 1 : Invalid condition id : UX_CORESTACK_Condition cause : null
2026-04-30 09:52:04,451 [INFO] LogOutputStream:77 - [STDOUT_REDIRECT] 1 : Invalid condition id : UX_CORESTACK_Condition cause : null
2026-04-30 09:52:04,456 [WARN] PackLoader:240 - Cannot read IP mode file for STMicroelectronics.X-CUBE-AZRTOS-WL.2.0.0
2026-04-30 09:52:04,511 [WARN] PackLoader:240 - Cannot read IP mode file for STMicroelectronics.X-CUBE-AZRTOS-H7RS.1.2.0
2026-04-30 09:52:04,540 [WARN] PackLoader:240 - Cannot read IP mode file for STMicroelectronics.X-CUBE-BLE2.3.3.0
2026-04-30 09:52:04,569 [INFO] WebApp:225 - Starting web application
2026-04-30 09:52:04,569 [INFO] WebApp:593 - Web application path used C:\ST\STM32CubeIDE_1.19.0\STM32CubeIDE\plugins\com.st.stm32cube.common.mx_6.15.0.202507011659\db\plugins\mcufinder\reactClient1\index.html
2026-04-30 09:52:04,654 [WARN] PackLoader:240 - Cannot read IP mode file for Infineon.AIROC-Wi-Fi-Bluetooth-STM32.1.8.0
2026-04-30 09:52:04,691 [WARN] PackLoader:240 - Cannot read IP mode file for STMicroelectronics.X-CUBE-NFC9.1.0.0
2026-04-30 09:52:04,717 [WARN] PackLoader:240 - Cannot read IP mode file for STMicroelectronics.X-CUBE-BLE1.7.1.0
2026-04-30 09:52:04,740 [WARN] PackLoader:240 - Cannot read IP mode file for wolfSSL.I-CUBE-wolfMQTT.1.19.2
2026-04-30 09:52:04,767 [WARN] PackLoader:240 - Cannot read IP mode file for STMicroelectronics.X-CUBE-EEPRMA1.5.2.0
2026-04-30 09:52:04,799 [WARN] PackLoader:240 - Cannot read IP mode file for wolfSSL.I-CUBE-wolfSSL.5.8.4
2026-04-30 09:52:04,830 [WARN] PackLoader:240 - Cannot read IP mode file for STMicroelectronics.FP-SNS-STAIOTCFT.1.1.0
2026-04-30 09:52:04,918 [WARN] PackLoader:240 - Cannot read IP mode file for STMicroelectronics.X-CUBE-MEMS1.12.0.0
2026-04-30 09:52:05,000 [INFO] UserAuth:487 - Internet connection configuration mode: 1
2026-04-30 09:52:05,068 [WARN] PackLoader:240 - Cannot read IP mode file for STMicroelectronics.X-CUBE-AZRTOS-G0.1.1.0
2026-04-30 09:52:05,097 [WARN] PackLoader:240 - Cannot read IP mode file for STMicroelectronics.X-CUBE-NFC4.3.0.0
2026-04-30 09:52:05,131 [WARN] PackLoader:240 - Cannot read IP mode file for EmbeddedOffice.I-CUBE-FS-RTOS.1.0.1
2026-04-30 09:52:05,157 [WARN] PackLoader:240 - Cannot read IP mode file for wolfSSL.I-CUBE-wolfTPM.3.8.0
2026-04-30 09:52:05,187 [WARN] PackLoader:240 - Cannot read IP mode file for STMicroelectronics.X-CUBE-TCPP.4.2.0
2026-04-30 09:52:05,214 [WARN] PackLoader:240 - Cannot read IP mode file for RealThread.X-CUBE-RT-Thread_Nano.4.1.1
2026-04-30 09:52:05,245 [WARN] PackLoader:240 - Cannot read IP mode file for STMicroelectronics.FP-ATR-SIGFOX1.3.2.0
2026-04-30 09:52:05,273 [WARN] PackLoader:240 - Cannot read IP mode file for STMicroelectronics.X-CUBE-FREERTOS.1.5.0
2026-04-30 09:52:05,300 [WARN] PackLoader:240 - Cannot read IP mode file for ITTIA_DB.I-CUBE-ITTIADB.8.9.0
2026-04-30 09:52:05,329 [WARN] PackLoader:240 - Cannot read IP mode file for STMicroelectronics.X-CUBE-NFC6.3.2.0
2026-04-30 09:52:05,357 [WARN] PackLoader:240 - Cannot read IP mode file for STMicroelectronics.X-CUBE-AI.10.2.0
2026-04-30 09:52:05,439 [WARN] PackLoader:240 - Cannot read IP mode file for STMicroelectronics.X-CUBE-MEMS1.12.1.0
2026-04-30 09:52:05,655 [WARN] PackLoader:240 - Cannot read IP mode file for SEGGER.I-CUBE-embOS.1.3.1
2026-04-30 09:52:05,728 [WARN] PackLoader:240 - Cannot read IP mode file for STMicroelectronics.X-CUBE-ALGOBUILD.1.4.0
2026-04-30 09:52:05,755 [WARN] PackLoader:240 - Cannot read IP mode file for STMicroelectronics.X-CUBE-PM33A1.1.0.0
2026-04-30 09:52:05,806 [WARN] PackLoader:240 - Cannot read IP mode file for STMicroelectronics.X-CUBE-AZRTOS-F4.1.1.0
2026-04-30 09:52:05,832 [WARN] PackLoader:240 - Cannot read IP mode file for STMicroelectronics.X-CUBE-ISPU.2.1.0
2026-04-30 09:52:05,874 [WARN] PackLoader:240 - Cannot read IP mode file for STMicroelectronics.X-CUBE-IPS.3.2.0
2026-04-30 09:52:05,905 [WARN] PackLoader:240 - Cannot read IP mode file for STMicroelectronics.eDS-WB_DPC_TT-BIDIR.2.1.1
2026-04-30 09:52:05,932 [WARN] PackLoader:240 - Cannot read IP mode file for STMicroelectronics.X-CUBE-NFC12.1.0.0
2026-04-30 09:52:05,976 [WARN] PackLoader:240 - Cannot read IP mode file for STMicroelectronics.X-CUBE-AZRTOS-L5.2.0.0
2026-04-30 09:52:06,003 [WARN] PackLoader:240 - Cannot read IP mode file for STMicroelectronics.eDS-WB_DPC_VIENNA.1.2.0
2026-04-30 09:52:06,026 [WARN] PackLoader:240 - Cannot read IP mode file for STMicroelectronics.eDS-WB_DPC_3PH2L-BIDIR.1.1.1
2026-04-30 09:52:06,045 [ERROR] Engine:466 - C:\Users\venum\.stm32cubemx\thirdparties\pdsc\STMicroelectronics.X-CUBE-ST67W61.1.3.0.pdsc: PDSC version is not supported
2026-04-30 09:52:06,161 [WARN] PackLoader:240 - Cannot read IP mode file for STMicroelectronics.X-CUBE-TOUCHGFX.4.26.1
2026-04-30 09:52:06,190 [WARN] PackLoader:240 - Cannot read IP mode file for STMicroelectronics.X-CUBE-DPower.1.3.0
2026-04-30 09:52:06,236 [WARN] ConditionMgr:438 - getConditionDescription Invalid condition id : LAN8742 Phy interface Condition cause : null
2026-04-30 09:52:06,237 [WARN] PackLoader:240 - Cannot read IP mode file for STMicroelectronics.X-CUBE-AZRTOS-L4.2.0.0
2026-04-30 09:52:06,238 [WARN] ConditionMgr:1044 - genDependencies : Invalid condition id : LAN8742 Phy interface Condition cause : null
2026-04-30 09:52:06,238 [WARN] ConditionMgr:1044 - genDependencies : Invalid condition id : LAN8742 Phy interface Condition cause : null
2026-04-30 09:52:06,239 [WARN] ConditionMgr:1044 - genDependencies : Invalid condition id : LAN8742 Phy interface Condition cause : null
2026-04-30 09:52:06,271 [WARN] PackLoader:240 - Cannot read IP mode file for STMicroelectronics.X-CUBE-SFXS2LP1.4.0.0
2026-04-30 09:52:06,299 [WARN] PackLoader:240 - Cannot read IP mode file for STMicroelectronics.X-CUBE-WB05N.2.1.0
2026-04-30 09:52:06,334 [WARN] PackLoader:240 - Cannot read IP mode file for STMicroelectronics.X-CUBE-BLEMGR.4.1.0
2026-04-30 09:52:06,379 [WARN] ConditionMgr:438 - getConditionDescription Invalid condition id : UX DEVICE CLASS RTOS Condition cause : null
2026-04-30 09:52:06,380 [WARN] ConditionMgr:438 - getConditionDescription Invalid condition id : UX DEVICE CLASS RTOS Condition cause : null
2026-04-30 09:52:06,382 [WARN] PackLoader:240 - Cannot read IP mode file for STMicroelectronics.X-CUBE-AZRTOS-WB.2.0.0
2026-04-30 09:52:06,383 [WARN] ConditionMgr:1044 - genDependencies : Invalid condition id : UX DEVICE CLASS RTOS Condition cause : null
2026-04-30 09:52:06,383 [WARN] ConditionMgr:1044 - genDependencies : Invalid condition id : UX DEVICE CLASS RTOS Condition cause : null
2026-04-30 09:52:06,383 [WARN] ConditionMgr:1044 - genDependencies : Invalid condition id : UX DEVICE CLASS RTOS Condition cause : null
2026-04-30 09:52:06,384 [WARN] ConditionMgr:1044 - genDependencies : Invalid condition id : UX DEVICE CLASS RTOS Condition cause : null
2026-04-30 09:52:06,384 [WARN] ConditionMgr:1044 - genDependencies : Invalid condition id : UX DEVICE CLASS RTOS Condition cause : null
2026-04-30 09:52:06,409 [WARN] ConditionMgr:438 - getConditionDescription Invalid condition id : Cortex-A Device cause : null
2026-04-30 09:52:06,441 [WARN] ConditionMgr:1044 - genDependencies : Invalid condition id : Cortex-A Device cause : null
2026-04-30 09:52:06,442 [WARN] ConditionMgr:1044 - genDependencies : Invalid condition id : Cortex-A Device cause : null
2026-04-30 09:52:06,442 [WARN] ConditionMgr:1044 - genDependencies : Invalid condition id : Cortex-A Device cause : null
2026-04-30 09:52:06,472 [WARN] PackLoader:240 - Cannot read IP mode file for STMicroelectronics.X-CUBE-STSE01.2.0.0
2026-04-30 09:52:06,508 [WARN] PackLoader:240 - Cannot read IP mode file for STMicroelectronics.X-CUBE-SUBG2.5.0.0
2026-04-30 09:52:06,553 [WARN] PackLoader:240 - Cannot read IP mode file for STMicroelectronics.X-CUBE-AZRTOS-G4.2.0.0
2026-04-30 09:52:06,579 [WARN] PackLoader:240 - Cannot read IP mode file for wolfSSL.I-CUBE-wolfSSH.1.4.20
2026-04-30 09:52:06,603 [WARN] PackLoader:240 - Cannot read IP mode file for STMicroelectronics.X-CUBE-NFC7.2.0.0
2026-04-30 09:52:06,628 [WARN] PackLoader:240 - Cannot read IP mode file for STMicroelectronics.X-CUBE-ALS.1.0.2
2026-04-30 09:52:06,659 [WARN] PackLoader:240 - Cannot read IP mode file for STMicroelectronics.X-CUBE-TOF1.3.4.3
2026-04-30 09:52:06,672 [INFO] ThirdParty:978 - Integrity check success = true
2026-04-30 09:52:06,672 [INFO] IntegrityCheckThread:100 - exiting critical section [integrity check]
2026-04-30 09:52:06,672 [INFO] IntegrityCheckThread:103 - End integrity checks thread
2026-04-30 10:18:37,343 [INFO] WebApp:194 - Connection lost
2026-04-30 10:18:45,461 [INFO] WebApp:191 - Connection restablished
2026-04-30 10:18:48,360 [INFO] WebApp:194 - Connection lost
2026-04-30 10:18:48,586 [INFO] WebApp:191 - Connection restablished
2026-04-30 10:54:01,786 [INFO] WebApp:194 - Connection lost
2026-04-30 10:54:02,141 [INFO] WebApp:191 - Connection restablished
2026-04-30 10:54:04,826 [INFO] WebApp:194 - Connection lost
2026-04-30 10:54:04,995 [INFO] WebApp:191 - Connection restablished
