13:32:05 **** Incremental Build of configuration Debug for project F4_Uart ****
make -j12 all 
arm-none-eabi-gcc "../Src/main.c" -mcpu=cortex-m4 -std=gnu11 -g3 -DUSE_HAL_DRIVER -DSTM32F411xE -c -I../Inc -I"D:/STM32/F4_Uart/Drivers/CMSIS/Include" -I"D:/STM32/F4_Uart/Drivers/CMSIS/Device/ST/STM32F4xx/Include" -I"D:/STM32/F4_Uart/Drivers/STM32F4xx_HAL_Driver/Inc" -O0 -ffunction-sections -fdata-sections -Wall -fstack-usage -fcyclomatic-complexity -MMD -MP -MF"Src/main.d" -MT"Src/main.o" --specs=nano.specs -mfpu=fpv4-sp-d16 -mfloat-abi=hard -mthumb -o "Src/main.o"
../Src/main.c: In function 'SystemClock_Config':
../Src/main.c:81:5: warning: implicit declaration of function 'Error_Handler' [-Wimplicit-function-declaration]
   81 |     Error_Handler();
      |     ^~~~~~~~~~~~~
../Src/main.c: At top level:
../Src/main.c:159:6: warning: conflicting types for 'Error_Handler'; have 'void(void)'
  159 | void Error_Handler(void)
      |      ^~~~~~~~~~~~~
../Src/main.c:81:5: note: previous implicit declaration of 'Error_Handler' with type 'void(void)'
   81 |     Error_Handler();
      |     ^~~~~~~~~~~~~
arm-none-eabi-gcc -o "F4_Uart.elf" @"objects.list"   -mcpu=cortex-m4 -T"D:\STM32\F4_Uart\STM32F411RETX_FLASH.ld" --specs=nosys.specs -Wl,-Map="F4_Uart.map" -Wl,--gc-sections -static --specs=nano.specs -mfpu=fpv4-sp-d16 -mfloat-abi=hard -mthumb -Wl,--start-group -lc -lm -Wl,--end-group
C:/ST/STM32CubeIDE_1.19.0/STM32CubeIDE/plugins/com.st.stm32cube.ide.mcu.externaltools.gnu-tools-for-stm32.13.3.rel1.win32_1.0.0.202411081344/tools/bin/../lib/gcc/arm-none-eabi/13.3.1/../../../../arm-none-eabi/bin/ld.exe: ./Src/main.o: in function `main':
D:/STM32/F4_Uart/Debug/../Src/main.c:35:(.text.main+0x4): undefined reference to `HAL_Init'
C:/ST/STM32CubeIDE_1.19.0/STM32CubeIDE/plugins/com.st.stm32cube.ide.mcu.externaltools.gnu-tools-for-stm32.13.3.rel1.win32_1.0.0.202411081344/tools/bin/../lib/gcc/arm-none-eabi/13.3.1/../../../../arm-none-eabi/bin/ld.exe: ./Src/main.o: in function `SystemClock_Config':
D:/STM32/F4_Uart/Debug/../Src/main.c:79:(.text.SystemClock_Config+0x72): undefined reference to `HAL_RCC_OscConfig'
C:/ST/STM32CubeIDE_1.19.0/STM32CubeIDE/plugins/com.st.stm32cube.ide.mcu.externaltools.gnu-tools-for-stm32.13.3.rel1.win32_1.0.0.202411081344/tools/bin/../lib/gcc/arm-none-eabi/13.3.1/../../../../arm-none-eabi/bin/ld.exe: D:/STM32/F4_Uart/Debug/../Src/main.c:93:(.text.SystemClock_Config+0x9c): undefined reference to `HAL_RCC_ClockConfig'
C:/ST/STM32CubeIDE_1.19.0/STM32CubeIDE/plugins/com.st.stm32cube.ide.mcu.externaltools.gnu-tools-for-stm32.13.3.rel1.win32_1.0.0.202411081344/tools/bin/../lib/gcc/arm-none-eabi/13.3.1/../../../../arm-none-eabi/bin/ld.exe: ./Src/main.o: in function `MX_USART2_UART_Init':
D:/STM32/F4_Uart/Debug/../Src/main.c:122:(.text.MX_USART2_UART_Init+0x38): undefined reference to `HAL_UART_Init'
collect2.exe: error: ld returned 1 exit status
make: *** [makefile:63: F4_Uart.elf] Error 1
"make -j12 all" terminated with exit code 2. Build might be incomplete.

13:32:05 Build Failed. 5 errors, 2 warnings. (took 464ms)

